30-Apr-2023 17:57:50.546 資訊 [main] org.apache.catalina.startup.VersionLoggerListener.log Server version name:   Apache Tomcat/10.1.6
30-Apr-2023 17:57:50.550 資訊 [main] org.apache.catalina.startup.VersionLoggerListener.log Server built:          Feb 19 2023 13:23:52 UTC
30-Apr-2023 17:57:50.550 資訊 [main] org.apache.catalina.startup.VersionLoggerListener.log Server version number: 10.1.6.0
30-Apr-2023 17:57:50.550 資訊 [main] org.apache.catalina.startup.VersionLoggerListener.log OS Name:               Mac OS X
30-Apr-2023 17:57:50.550 資訊 [main] org.apache.catalina.startup.VersionLoggerListener.log OS Version:            13.3.1
30-Apr-2023 17:57:50.550 資訊 [main] org.apache.catalina.startup.VersionLoggerListener.log Architecture:          aarch64
30-Apr-2023 17:57:50.550 資訊 [main] org.apache.catalina.startup.VersionLoggerListener.log Java Home:             /Users/boscoleung/opt/anaconda3
30-Apr-2023 17:57:50.550 資訊 [main] org.apache.catalina.startup.VersionLoggerListener.log JVM Version:           11.0.13+7-b1751.21
30-Apr-2023 17:57:50.550 資訊 [main] org.apache.catalina.startup.VersionLoggerListener.log JVM Vendor:            JetBrains s.r.o.
30-Apr-2023 17:57:50.550 資訊 [main] org.apache.catalina.startup.VersionLoggerListener.log CATALINA_BASE:         /Users/boscoleung/Library/CloudStorage/OneDrive-HKUSTConnect/University/COMP4321/COMP4321-Project/apache-tomcat-10.1.6
30-Apr-2023 17:57:50.550 資訊 [main] org.apache.catalina.startup.VersionLoggerListener.log CATALINA_HOME:         /Users/boscoleung/Library/CloudStorage/OneDrive-HKUSTConnect/University/COMP4321/COMP4321-Project/apache-tomcat-10.1.6
30-Apr-2023 17:57:50.600 資訊 [main] org.apache.catalina.startup.VersionLoggerListener.log Command line argument: -Djava.util.logging.config.file=/Users/boscoleung/Library/CloudStorage/OneDrive-HKUSTConnect/University/COMP4321/COMP4321-Project/apache-tomcat-10.1.6/conf/logging.properties
30-Apr-2023 17:57:50.600 資訊 [main] org.apache.catalina.startup.VersionLoggerListener.log Command line argument: -Djava.util.logging.manager=org.apache.juli.ClassLoaderLogManager
30-Apr-2023 17:57:50.600 資訊 [main] org.apache.catalina.startup.VersionLoggerListener.log Command line argument: -Djdk.tls.ephemeralDHKeySize=2048
30-Apr-2023 17:57:50.600 資訊 [main] org.apache.catalina.startup.VersionLoggerListener.log Command line argument: -Dorg.apache.catalina.security.SecurityListener.UMASK=0027
30-Apr-2023 17:57:50.600 資訊 [main] org.apache.catalina.startup.VersionLoggerListener.log Command line argument: --add-opens=java.base/java.lang=ALL-UNNAMED
30-Apr-2023 17:57:50.600 資訊 [main] org.apache.catalina.startup.VersionLoggerListener.log Command line argument: --add-opens=java.base/java.io=ALL-UNNAMED
30-Apr-2023 17:57:50.600 資訊 [main] org.apache.catalina.startup.VersionLoggerListener.log Command line argument: --add-opens=java.base/java.util=ALL-UNNAMED
30-Apr-2023 17:57:50.600 資訊 [main] org.apache.catalina.startup.VersionLoggerListener.log Command line argument: --add-opens=java.base/java.util.concurrent=ALL-UNNAMED
30-Apr-2023 17:57:50.601 資訊 [main] org.apache.catalina.startup.VersionLoggerListener.log Command line argument: --add-opens=java.rmi/sun.rmi.transport=ALL-UNNAMED
30-Apr-2023 17:57:50.601 資訊 [main] org.apache.catalina.startup.VersionLoggerListener.log Command line argument: -Dcatalina.base=/Users/boscoleung/Library/CloudStorage/OneDrive-HKUSTConnect/University/COMP4321/COMP4321-Project/apache-tomcat-10.1.6
30-Apr-2023 17:57:50.601 資訊 [main] org.apache.catalina.startup.VersionLoggerListener.log Command line argument: -Dcatalina.home=/Users/boscoleung/Library/CloudStorage/OneDrive-HKUSTConnect/University/COMP4321/COMP4321-Project/apache-tomcat-10.1.6
30-Apr-2023 17:57:50.601 資訊 [main] org.apache.catalina.startup.VersionLoggerListener.log Command line argument: -Djava.io.tmpdir=/Users/boscoleung/Library/CloudStorage/OneDrive-HKUSTConnect/University/COMP4321/COMP4321-Project/apache-tomcat-10.1.6/temp
30-Apr-2023 17:57:50.603 資訊 [main] org.apache.catalina.core.AprLifecycleListener.lifecycleEvent The Apache Tomcat Native library which allows using OpenSSL was not found on the java.library.path: [/Users/boscoleung/Library/Java/Extensions:/Library/Java/Extensions:/Network/Library/Java/Extensions:/System/Library/Java/Extensions:/usr/lib/java:.]
30-Apr-2023 17:57:50.730 資訊 [main] org.apache.coyote.AbstractProtocol.init Initializing ProtocolHandler ["http-nio-8080"]
30-Apr-2023 17:57:50.781 資訊 [main] org.apache.catalina.startup.Catalina.load Server initialization in [359] milliseconds
30-Apr-2023 17:57:50.801 資訊 [main] org.apache.catalina.core.StandardService.startInternal Starting service [Catalina]
30-Apr-2023 17:57:50.802 資訊 [main] org.apache.catalina.core.StandardEngine.startInternal Starting Servlet engine: [Apache Tomcat/10.1.6]
30-Apr-2023 17:57:50.806 資訊 [main] org.apache.catalina.startup.HostConfig.deployDirectory Deploying web application directory [/Users/boscoleung/Library/CloudStorage/OneDrive-HKUSTConnect/University/COMP4321/COMP4321-Project/apache-tomcat-10.1.6/webapps/docs]
30-Apr-2023 17:57:51.066 資訊 [main] org.apache.jasper.servlet.TldScanner.scanJars At least one JAR was scanned for TLDs yet contained no TLDs. Enable debug logging for this logger for a complete list of JARs that were scanned but no TLDs were found in them. Skipping unneeded JARs during scanning can improve startup time and JSP compilation time.
30-Apr-2023 17:57:51.093 資訊 [main] org.apache.catalina.startup.HostConfig.deployDirectory Deployment of web application directory [/Users/boscoleung/Library/CloudStorage/OneDrive-HKUSTConnect/University/COMP4321/COMP4321-Project/apache-tomcat-10.1.6/webapps/docs] has finished in [286] ms
30-Apr-2023 17:57:51.093 資訊 [main] org.apache.catalina.startup.HostConfig.deployDirectory Deploying web application directory [/Users/boscoleung/Library/CloudStorage/OneDrive-HKUSTConnect/University/COMP4321/COMP4321-Project/apache-tomcat-10.1.6/webapps/Project]
30-Apr-2023 17:57:51.164 資訊 [main] org.apache.jasper.servlet.TldScanner.scanJars At least one JAR was scanned for TLDs yet contained no TLDs. Enable debug logging for this logger for a complete list of JARs that were scanned but no TLDs were found in them. Skipping unneeded JARs during scanning can improve startup time and JSP compilation time.
30-Apr-2023 17:57:51.169 資訊 [main] org.apache.catalina.startup.HostConfig.deployDirectory Deployment of web application directory [/Users/boscoleung/Library/CloudStorage/OneDrive-HKUSTConnect/University/COMP4321/COMP4321-Project/apache-tomcat-10.1.6/webapps/Project] has finished in [76] ms
30-Apr-2023 17:57:51.169 資訊 [main] org.apache.catalina.startup.HostConfig.deployDirectory Deploying web application directory [/Users/boscoleung/Library/CloudStorage/OneDrive-HKUSTConnect/University/COMP4321/COMP4321-Project/apache-tomcat-10.1.6/webapps/manager]
30-Apr-2023 17:57:51.224 資訊 [main] org.apache.jasper.servlet.TldScanner.scanJars At least one JAR was scanned for TLDs yet contained no TLDs. Enable debug logging for this logger for a complete list of JARs that were scanned but no TLDs were found in them. Skipping unneeded JARs during scanning can improve startup time and JSP compilation time.
30-Apr-2023 17:57:51.231 資訊 [main] org.apache.catalina.startup.HostConfig.deployDirectory Deployment of web application directory [/Users/boscoleung/Library/CloudStorage/OneDrive-HKUSTConnect/University/COMP4321/COMP4321-Project/apache-tomcat-10.1.6/webapps/manager] has finished in [62] ms
30-Apr-2023 17:57:51.231 資訊 [main] org.apache.catalina.startup.HostConfig.deployDirectory Deploying web application directory [/Users/boscoleung/Library/CloudStorage/OneDrive-HKUSTConnect/University/COMP4321/COMP4321-Project/apache-tomcat-10.1.6/webapps/examples]
30-Apr-2023 17:57:51.391 資訊 [main] org.apache.jasper.servlet.TldScanner.scanJars At least one JAR was scanned for TLDs yet contained no TLDs. Enable debug logging for this logger for a complete list of JARs that were scanned but no TLDs were found in them. Skipping unneeded JARs during scanning can improve startup time and JSP compilation time.
30-Apr-2023 17:57:51.401 資訊 [main] org.apache.catalina.startup.HostConfig.deployDirectory Deployment of web application directory [/Users/boscoleung/Library/CloudStorage/OneDrive-HKUSTConnect/University/COMP4321/COMP4321-Project/apache-tomcat-10.1.6/webapps/examples] has finished in [170] ms
30-Apr-2023 17:57:51.401 資訊 [main] org.apache.catalina.startup.HostConfig.deployDirectory Deploying web application directory [/Users/boscoleung/Library/CloudStorage/OneDrive-HKUSTConnect/University/COMP4321/COMP4321-Project/apache-tomcat-10.1.6/webapps/ROOT]
30-Apr-2023 17:57:51.449 資訊 [main] org.apache.jasper.servlet.TldScanner.scanJars At least one JAR was scanned for TLDs yet contained no TLDs. Enable debug logging for this logger for a complete list of JARs that were scanned but no TLDs were found in them. Skipping unneeded JARs during scanning can improve startup time and JSP compilation time.
30-Apr-2023 17:57:51.450 資訊 [main] org.apache.catalina.startup.HostConfig.deployDirectory Deployment of web application directory [/Users/boscoleung/Library/CloudStorage/OneDrive-HKUSTConnect/University/COMP4321/COMP4321-Project/apache-tomcat-10.1.6/webapps/ROOT] has finished in [49] ms
30-Apr-2023 17:57:51.450 資訊 [main] org.apache.catalina.startup.HostConfig.deployDirectory Deploying web application directory [/Users/boscoleung/Library/CloudStorage/OneDrive-HKUSTConnect/University/COMP4321/COMP4321-Project/apache-tomcat-10.1.6/webapps/host-manager]
30-Apr-2023 17:57:51.505 資訊 [main] org.apache.jasper.servlet.TldScanner.scanJars At least one JAR was scanned for TLDs yet contained no TLDs. Enable debug logging for this logger for a complete list of JARs that were scanned but no TLDs were found in them. Skipping unneeded JARs during scanning can improve startup time and JSP compilation time.
30-Apr-2023 17:57:51.506 資訊 [main] org.apache.catalina.startup.HostConfig.deployDirectory Deployment of web application directory [/Users/boscoleung/Library/CloudStorage/OneDrive-HKUSTConnect/University/COMP4321/COMP4321-Project/apache-tomcat-10.1.6/webapps/host-manager] has finished in [56] ms
30-Apr-2023 17:57:51.510 資訊 [main] org.apache.coyote.AbstractProtocol.start Starting ProtocolHandler ["http-nio-8080"]
30-Apr-2023 17:57:51.517 資訊 [main] org.apache.catalina.startup.Catalina.start Server startup in [735] milliseconds
30-Apr-2023 18:33:32.196 資訊 [main] org.apache.catalina.core.StandardServer.await A valid shutdown command was received via the shutdown port. Stopping the Server instance.
30-Apr-2023 18:33:32.197 資訊 [main] org.apache.coyote.AbstractProtocol.pause Pausing ProtocolHandler ["http-nio-8080"]
30-Apr-2023 18:33:32.198 資訊 [main] org.apache.catalina.core.StandardService.stopInternal Stopping service [Catalina]
30-Apr-2023 18:33:32.214 資訊 [main] org.apache.coyote.AbstractProtocol.stop Stopping ProtocolHandler ["http-nio-8080"]
30-Apr-2023 18:33:32.223 資訊 [main] org.apache.coyote.AbstractProtocol.destroy Destroying ProtocolHandler ["http-nio-8080"]
