28-Apr-2023 00:06:56.998 資訊 [main] org.apache.catalina.core.StandardServer.await A valid shutdown command was received via the shutdown port. Stopping the Server instance.
28-Apr-2023 00:06:56.999 資訊 [main] org.apache.coyote.AbstractProtocol.pause Pausing ProtocolHandler ["http-nio-8080"]
28-Apr-2023 00:06:57.001 資訊 [main] org.apache.catalina.core.StandardService.stopInternal Stopping service [Catalina]
28-Apr-2023 00:06:57.017 資訊 [main] org.apache.coyote.AbstractProtocol.stop Stopping ProtocolHandler ["http-nio-8080"]
28-Apr-2023 00:06:57.028 資訊 [main] org.apache.coyote.AbstractProtocol.destroy Destroying ProtocolHandler ["http-nio-8080"]
28-Apr-2023 00:07:21.290 資訊 [main] org.apache.catalina.startup.VersionLoggerListener.log Server version name:   Apache Tomcat/10.1.6
28-Apr-2023 00:07:21.294 資訊 [main] org.apache.catalina.startup.VersionLoggerListener.log Server built:          Feb 19 2023 13:23:52 UTC
28-Apr-2023 00:07:21.294 資訊 [main] org.apache.catalina.startup.VersionLoggerListener.log Server version number: 10.1.6.0
28-Apr-2023 00:07:21.294 資訊 [main] org.apache.catalina.startup.VersionLoggerListener.log OS Name:               Mac OS X
28-Apr-2023 00:07:21.294 資訊 [main] org.apache.catalina.startup.VersionLoggerListener.log OS Version:            13.3.1
28-Apr-2023 00:07:21.294 資訊 [main] org.apache.catalina.startup.VersionLoggerListener.log Architecture:          aarch64
28-Apr-2023 00:07:21.294 資訊 [main] org.apache.catalina.startup.VersionLoggerListener.log Java Home:             /Users/boscoleung/opt/anaconda3
28-Apr-2023 00:07:21.294 資訊 [main] org.apache.catalina.startup.VersionLoggerListener.log JVM Version:           11.0.13+7-b1751.21
28-Apr-2023 00:07:21.294 資訊 [main] org.apache.catalina.startup.VersionLoggerListener.log JVM Vendor:            JetBrains s.r.o.
28-Apr-2023 00:07:21.294 資訊 [main] org.apache.catalina.startup.VersionLoggerListener.log CATALINA_BASE:         /Users/boscoleung/Library/CloudStorage/OneDrive-HKUSTConnect/University/COMP4321/COMP4321-Project/apache-tomcat-10.1.6
28-Apr-2023 00:07:21.294 資訊 [main] org.apache.catalina.startup.VersionLoggerListener.log CATALINA_HOME:         /Users/boscoleung/Library/CloudStorage/OneDrive-HKUSTConnect/University/COMP4321/COMP4321-Project/apache-tomcat-10.1.6
28-Apr-2023 00:07:21.302 資訊 [main] org.apache.catalina.startup.VersionLoggerListener.log Command line argument: -Djava.util.logging.config.file=/Users/boscoleung/Library/CloudStorage/OneDrive-HKUSTConnect/University/COMP4321/COMP4321-Project/apache-tomcat-10.1.6/conf/logging.properties
28-Apr-2023 00:07:21.302 資訊 [main] org.apache.catalina.startup.VersionLoggerListener.log Command line argument: -Djava.util.logging.manager=org.apache.juli.ClassLoaderLogManager
28-Apr-2023 00:07:21.302 資訊 [main] org.apache.catalina.startup.VersionLoggerListener.log Command line argument: -Djdk.tls.ephemeralDHKeySize=2048
28-Apr-2023 00:07:21.302 資訊 [main] org.apache.catalina.startup.VersionLoggerListener.log Command line argument: -Dorg.apache.catalina.security.SecurityListener.UMASK=0027
28-Apr-2023 00:07:21.302 資訊 [main] org.apache.catalina.startup.VersionLoggerListener.log Command line argument: --add-opens=java.base/java.lang=ALL-UNNAMED
28-Apr-2023 00:07:21.302 資訊 [main] org.apache.catalina.startup.VersionLoggerListener.log Command line argument: --add-opens=java.base/java.io=ALL-UNNAMED
28-Apr-2023 00:07:21.302 資訊 [main] org.apache.catalina.startup.VersionLoggerListener.log Command line argument: --add-opens=java.base/java.util=ALL-UNNAMED
28-Apr-2023 00:07:21.302 資訊 [main] org.apache.catalina.startup.VersionLoggerListener.log Command line argument: --add-opens=java.base/java.util.concurrent=ALL-UNNAMED
28-Apr-2023 00:07:21.302 資訊 [main] org.apache.catalina.startup.VersionLoggerListener.log Command line argument: --add-opens=java.rmi/sun.rmi.transport=ALL-UNNAMED
28-Apr-2023 00:07:21.303 資訊 [main] org.apache.catalina.startup.VersionLoggerListener.log Command line argument: -Dcatalina.base=/Users/boscoleung/Library/CloudStorage/OneDrive-HKUSTConnect/University/COMP4321/COMP4321-Project/apache-tomcat-10.1.6
28-Apr-2023 00:07:21.303 資訊 [main] org.apache.catalina.startup.VersionLoggerListener.log Command line argument: -Dcatalina.home=/Users/boscoleung/Library/CloudStorage/OneDrive-HKUSTConnect/University/COMP4321/COMP4321-Project/apache-tomcat-10.1.6
28-Apr-2023 00:07:21.303 資訊 [main] org.apache.catalina.startup.VersionLoggerListener.log Command line argument: -Djava.io.tmpdir=/Users/boscoleung/Library/CloudStorage/OneDrive-HKUSTConnect/University/COMP4321/COMP4321-Project/apache-tomcat-10.1.6/temp
28-Apr-2023 00:07:21.304 資訊 [main] org.apache.catalina.core.AprLifecycleListener.lifecycleEvent The Apache Tomcat Native library which allows using OpenSSL was not found on the java.library.path: [/Users/boscoleung/Library/Java/Extensions:/Library/Java/Extensions:/Network/Library/Java/Extensions:/System/Library/Java/Extensions:/usr/lib/java:.]
28-Apr-2023 00:07:21.425 資訊 [main] org.apache.coyote.AbstractProtocol.init Initializing ProtocolHandler ["http-nio-8080"]
28-Apr-2023 00:07:21.439 資訊 [main] org.apache.catalina.startup.Catalina.load Server initialization in [255] milliseconds
28-Apr-2023 00:07:21.459 資訊 [main] org.apache.catalina.core.StandardService.startInternal Starting service [Catalina]
28-Apr-2023 00:07:21.459 資訊 [main] org.apache.catalina.core.StandardEngine.startInternal Starting Servlet engine: [Apache Tomcat/10.1.6]
28-Apr-2023 00:07:21.464 資訊 [main] org.apache.catalina.startup.HostConfig.deployDirectory Deploying web application directory [/Users/boscoleung/Library/CloudStorage/OneDrive-HKUSTConnect/University/COMP4321/COMP4321-Project/apache-tomcat-10.1.6/webapps/docs]
28-Apr-2023 00:07:21.665 資訊 [main] org.apache.jasper.servlet.TldScanner.scanJars At least one JAR was scanned for TLDs yet contained no TLDs. Enable debug logging for this logger for a complete list of JARs that were scanned but no TLDs were found in them. Skipping unneeded JARs during scanning can improve startup time and JSP compilation time.
28-Apr-2023 00:07:21.687 資訊 [main] org.apache.catalina.startup.HostConfig.deployDirectory Deployment of web application directory [/Users/boscoleung/Library/CloudStorage/OneDrive-HKUSTConnect/University/COMP4321/COMP4321-Project/apache-tomcat-10.1.6/webapps/docs] has finished in [223] ms
28-Apr-2023 00:07:21.688 資訊 [main] org.apache.catalina.startup.HostConfig.deployDirectory Deploying web application directory [/Users/boscoleung/Library/CloudStorage/OneDrive-HKUSTConnect/University/COMP4321/COMP4321-Project/apache-tomcat-10.1.6/webapps/Project]
28-Apr-2023 00:07:21.733 資訊 [main] org.apache.jasper.servlet.TldScanner.scanJars At least one JAR was scanned for TLDs yet contained no TLDs. Enable debug logging for this logger for a complete list of JARs that were scanned but no TLDs were found in them. Skipping unneeded JARs during scanning can improve startup time and JSP compilation time.
28-Apr-2023 00:07:21.738 資訊 [main] org.apache.catalina.startup.HostConfig.deployDirectory Deployment of web application directory [/Users/boscoleung/Library/CloudStorage/OneDrive-HKUSTConnect/University/COMP4321/COMP4321-Project/apache-tomcat-10.1.6/webapps/Project] has finished in [51] ms
28-Apr-2023 00:07:21.738 資訊 [main] org.apache.catalina.startup.HostConfig.deployDirectory Deploying web application directory [/Users/boscoleung/Library/CloudStorage/OneDrive-HKUSTConnect/University/COMP4321/COMP4321-Project/apache-tomcat-10.1.6/webapps/manager]
28-Apr-2023 00:07:21.788 資訊 [main] org.apache.jasper.servlet.TldScanner.scanJars At least one JAR was scanned for TLDs yet contained no TLDs. Enable debug logging for this logger for a complete list of JARs that were scanned but no TLDs were found in them. Skipping unneeded JARs during scanning can improve startup time and JSP compilation time.
28-Apr-2023 00:07:21.793 資訊 [main] org.apache.catalina.startup.HostConfig.deployDirectory Deployment of web application directory [/Users/boscoleung/Library/CloudStorage/OneDrive-HKUSTConnect/University/COMP4321/COMP4321-Project/apache-tomcat-10.1.6/webapps/manager] has finished in [54] ms
28-Apr-2023 00:07:21.793 資訊 [main] org.apache.catalina.startup.HostConfig.deployDirectory Deploying web application directory [/Users/boscoleung/Library/CloudStorage/OneDrive-HKUSTConnect/University/COMP4321/COMP4321-Project/apache-tomcat-10.1.6/webapps/lab4]
28-Apr-2023 00:07:21.840 資訊 [main] org.apache.jasper.servlet.TldScanner.scanJars At least one JAR was scanned for TLDs yet contained no TLDs. Enable debug logging for this logger for a complete list of JARs that were scanned but no TLDs were found in them. Skipping unneeded JARs during scanning can improve startup time and JSP compilation time.
28-Apr-2023 00:07:21.841 資訊 [main] org.apache.catalina.startup.HostConfig.deployDirectory Deployment of web application directory [/Users/boscoleung/Library/CloudStorage/OneDrive-HKUSTConnect/University/COMP4321/COMP4321-Project/apache-tomcat-10.1.6/webapps/lab4] has finished in [48] ms
28-Apr-2023 00:07:21.841 資訊 [main] org.apache.catalina.startup.HostConfig.deployDirectory Deploying web application directory [/Users/boscoleung/Library/CloudStorage/OneDrive-HKUSTConnect/University/COMP4321/COMP4321-Project/apache-tomcat-10.1.6/webapps/examples]
28-Apr-2023 00:07:21.985 資訊 [main] org.apache.jasper.servlet.TldScanner.scanJars At least one JAR was scanned for TLDs yet contained no TLDs. Enable debug logging for this logger for a complete list of JARs that were scanned but no TLDs were found in them. Skipping unneeded JARs during scanning can improve startup time and JSP compilation time.
28-Apr-2023 00:07:21.995 資訊 [main] org.apache.catalina.startup.HostConfig.deployDirectory Deployment of web application directory [/Users/boscoleung/Library/CloudStorage/OneDrive-HKUSTConnect/University/COMP4321/COMP4321-Project/apache-tomcat-10.1.6/webapps/examples] has finished in [154] ms
28-Apr-2023 00:07:21.995 資訊 [main] org.apache.catalina.startup.HostConfig.deployDirectory Deploying web application directory [/Users/boscoleung/Library/CloudStorage/OneDrive-HKUSTConnect/University/COMP4321/COMP4321-Project/apache-tomcat-10.1.6/webapps/ROOT]
28-Apr-2023 00:07:22.033 資訊 [main] org.apache.jasper.servlet.TldScanner.scanJars At least one JAR was scanned for TLDs yet contained no TLDs. Enable debug logging for this logger for a complete list of JARs that were scanned but no TLDs were found in them. Skipping unneeded JARs during scanning can improve startup time and JSP compilation time.
28-Apr-2023 00:07:22.034 資訊 [main] org.apache.catalina.startup.HostConfig.deployDirectory Deployment of web application directory [/Users/boscoleung/Library/CloudStorage/OneDrive-HKUSTConnect/University/COMP4321/COMP4321-Project/apache-tomcat-10.1.6/webapps/ROOT] has finished in [39] ms
28-Apr-2023 00:07:22.034 資訊 [main] org.apache.catalina.startup.HostConfig.deployDirectory Deploying web application directory [/Users/boscoleung/Library/CloudStorage/OneDrive-HKUSTConnect/University/COMP4321/COMP4321-Project/apache-tomcat-10.1.6/webapps/host-manager]
28-Apr-2023 00:07:22.075 資訊 [main] org.apache.jasper.servlet.TldScanner.scanJars At least one JAR was scanned for TLDs yet contained no TLDs. Enable debug logging for this logger for a complete list of JARs that were scanned but no TLDs were found in them. Skipping unneeded JARs during scanning can improve startup time and JSP compilation time.
28-Apr-2023 00:07:22.076 資訊 [main] org.apache.catalina.startup.HostConfig.deployDirectory Deployment of web application directory [/Users/boscoleung/Library/CloudStorage/OneDrive-HKUSTConnect/University/COMP4321/COMP4321-Project/apache-tomcat-10.1.6/webapps/host-manager] has finished in [42] ms
28-Apr-2023 00:07:22.080 資訊 [main] org.apache.coyote.AbstractProtocol.start Starting ProtocolHandler ["http-nio-8080"]
28-Apr-2023 00:07:22.086 資訊 [main] org.apache.catalina.startup.Catalina.start Server startup in [645] milliseconds
28-Apr-2023 00:22:10.448 資訊 [main] org.apache.catalina.core.StandardServer.await A valid shutdown command was received via the shutdown port. Stopping the Server instance.
28-Apr-2023 00:22:10.450 資訊 [main] org.apache.coyote.AbstractProtocol.pause Pausing ProtocolHandler ["http-nio-8080"]
28-Apr-2023 00:22:10.453 資訊 [main] org.apache.catalina.core.StandardService.stopInternal Stopping service [Catalina]
28-Apr-2023 00:22:10.470 資訊 [main] org.apache.coyote.AbstractProtocol.stop Stopping ProtocolHandler ["http-nio-8080"]
28-Apr-2023 00:22:10.505 資訊 [main] org.apache.coyote.AbstractProtocol.destroy Destroying ProtocolHandler ["http-nio-8080"]
28-Apr-2023 00:22:26.845 資訊 [main] org.apache.catalina.startup.VersionLoggerListener.log Server version name:   Apache Tomcat/10.1.6
28-Apr-2023 00:22:26.848 資訊 [main] org.apache.catalina.startup.VersionLoggerListener.log Server built:          Feb 19 2023 13:23:52 UTC
28-Apr-2023 00:22:26.848 資訊 [main] org.apache.catalina.startup.VersionLoggerListener.log Server version number: 10.1.6.0
28-Apr-2023 00:22:26.849 資訊 [main] org.apache.catalina.startup.VersionLoggerListener.log OS Name:               Mac OS X
28-Apr-2023 00:22:26.849 資訊 [main] org.apache.catalina.startup.VersionLoggerListener.log OS Version:            13.3.1
28-Apr-2023 00:22:26.849 資訊 [main] org.apache.catalina.startup.VersionLoggerListener.log Architecture:          aarch64
28-Apr-2023 00:22:26.849 資訊 [main] org.apache.catalina.startup.VersionLoggerListener.log Java Home:             /Users/boscoleung/opt/anaconda3
28-Apr-2023 00:22:26.849 資訊 [main] org.apache.catalina.startup.VersionLoggerListener.log JVM Version:           11.0.13+7-b1751.21
28-Apr-2023 00:22:26.849 資訊 [main] org.apache.catalina.startup.VersionLoggerListener.log JVM Vendor:            JetBrains s.r.o.
28-Apr-2023 00:22:26.849 資訊 [main] org.apache.catalina.startup.VersionLoggerListener.log CATALINA_BASE:         /Users/boscoleung/Library/CloudStorage/OneDrive-HKUSTConnect/University/COMP4321/COMP4321-Project/apache-tomcat-10.1.6
28-Apr-2023 00:22:26.849 資訊 [main] org.apache.catalina.startup.VersionLoggerListener.log CATALINA_HOME:         /Users/boscoleung/Library/CloudStorage/OneDrive-HKUSTConnect/University/COMP4321/COMP4321-Project/apache-tomcat-10.1.6
28-Apr-2023 00:22:26.856 資訊 [main] org.apache.catalina.startup.VersionLoggerListener.log Command line argument: -Djava.util.logging.config.file=/Users/boscoleung/Library/CloudStorage/OneDrive-HKUSTConnect/University/COMP4321/COMP4321-Project/apache-tomcat-10.1.6/conf/logging.properties
28-Apr-2023 00:22:26.856 資訊 [main] org.apache.catalina.startup.VersionLoggerListener.log Command line argument: -Djava.util.logging.manager=org.apache.juli.ClassLoaderLogManager
28-Apr-2023 00:22:26.856 資訊 [main] org.apache.catalina.startup.VersionLoggerListener.log Command line argument: -Djdk.tls.ephemeralDHKeySize=2048
28-Apr-2023 00:22:26.856 資訊 [main] org.apache.catalina.startup.VersionLoggerListener.log Command line argument: -Dorg.apache.catalina.security.SecurityListener.UMASK=0027
28-Apr-2023 00:22:26.856 資訊 [main] org.apache.catalina.startup.VersionLoggerListener.log Command line argument: --add-opens=java.base/java.lang=ALL-UNNAMED
28-Apr-2023 00:22:26.856 資訊 [main] org.apache.catalina.startup.VersionLoggerListener.log Command line argument: --add-opens=java.base/java.io=ALL-UNNAMED
28-Apr-2023 00:22:26.856 資訊 [main] org.apache.catalina.startup.VersionLoggerListener.log Command line argument: --add-opens=java.base/java.util=ALL-UNNAMED
28-Apr-2023 00:22:26.856 資訊 [main] org.apache.catalina.startup.VersionLoggerListener.log Command line argument: --add-opens=java.base/java.util.concurrent=ALL-UNNAMED
28-Apr-2023 00:22:26.857 資訊 [main] org.apache.catalina.startup.VersionLoggerListener.log Command line argument: --add-opens=java.rmi/sun.rmi.transport=ALL-UNNAMED
28-Apr-2023 00:22:26.857 資訊 [main] org.apache.catalina.startup.VersionLoggerListener.log Command line argument: -Dcatalina.base=/Users/boscoleung/Library/CloudStorage/OneDrive-HKUSTConnect/University/COMP4321/COMP4321-Project/apache-tomcat-10.1.6
28-Apr-2023 00:22:26.857 資訊 [main] org.apache.catalina.startup.VersionLoggerListener.log Command line argument: -Dcatalina.home=/Users/boscoleung/Library/CloudStorage/OneDrive-HKUSTConnect/University/COMP4321/COMP4321-Project/apache-tomcat-10.1.6
28-Apr-2023 00:22:26.857 資訊 [main] org.apache.catalina.startup.VersionLoggerListener.log Command line argument: -Djava.io.tmpdir=/Users/boscoleung/Library/CloudStorage/OneDrive-HKUSTConnect/University/COMP4321/COMP4321-Project/apache-tomcat-10.1.6/temp
28-Apr-2023 00:22:26.858 資訊 [main] org.apache.catalina.core.AprLifecycleListener.lifecycleEvent The Apache Tomcat Native library which allows using OpenSSL was not found on the java.library.path: [/Users/boscoleung/Library/Java/Extensions:/Library/Java/Extensions:/Network/Library/Java/Extensions:/System/Library/Java/Extensions:/usr/lib/java:.]
28-Apr-2023 00:22:26.977 資訊 [main] org.apache.coyote.AbstractProtocol.init Initializing ProtocolHandler ["http-nio-8080"]
28-Apr-2023 00:22:26.992 資訊 [main] org.apache.catalina.startup.Catalina.load Server initialization in [251] milliseconds
28-Apr-2023 00:22:27.011 資訊 [main] org.apache.catalina.core.StandardService.startInternal Starting service [Catalina]
28-Apr-2023 00:22:27.011 資訊 [main] org.apache.catalina.core.StandardEngine.startInternal Starting Servlet engine: [Apache Tomcat/10.1.6]
28-Apr-2023 00:22:27.017 資訊 [main] org.apache.catalina.startup.HostConfig.deployDirectory Deploying web application directory [/Users/boscoleung/Library/CloudStorage/OneDrive-HKUSTConnect/University/COMP4321/COMP4321-Project/apache-tomcat-10.1.6/webapps/docs]
28-Apr-2023 00:22:27.244 資訊 [main] org.apache.jasper.servlet.TldScanner.scanJars At least one JAR was scanned for TLDs yet contained no TLDs. Enable debug logging for this logger for a complete list of JARs that were scanned but no TLDs were found in them. Skipping unneeded JARs during scanning can improve startup time and JSP compilation time.
28-Apr-2023 00:22:27.277 資訊 [main] org.apache.catalina.startup.HostConfig.deployDirectory Deployment of web application directory [/Users/boscoleung/Library/CloudStorage/OneDrive-HKUSTConnect/University/COMP4321/COMP4321-Project/apache-tomcat-10.1.6/webapps/docs] has finished in [259] ms
28-Apr-2023 00:22:27.277 資訊 [main] org.apache.catalina.startup.HostConfig.deployDirectory Deploying web application directory [/Users/boscoleung/Library/CloudStorage/OneDrive-HKUSTConnect/University/COMP4321/COMP4321-Project/apache-tomcat-10.1.6/webapps/Project]
28-Apr-2023 00:22:27.330 資訊 [main] org.apache.jasper.servlet.TldScanner.scanJars At least one JAR was scanned for TLDs yet contained no TLDs. Enable debug logging for this logger for a complete list of JARs that were scanned but no TLDs were found in them. Skipping unneeded JARs during scanning can improve startup time and JSP compilation time.
28-Apr-2023 00:22:27.334 資訊 [main] org.apache.catalina.startup.HostConfig.deployDirectory Deployment of web application directory [/Users/boscoleung/Library/CloudStorage/OneDrive-HKUSTConnect/University/COMP4321/COMP4321-Project/apache-tomcat-10.1.6/webapps/Project] has finished in [57] ms
28-Apr-2023 00:22:27.335 資訊 [main] org.apache.catalina.startup.HostConfig.deployDirectory Deploying web application directory [/Users/boscoleung/Library/CloudStorage/OneDrive-HKUSTConnect/University/COMP4321/COMP4321-Project/apache-tomcat-10.1.6/webapps/manager]
28-Apr-2023 00:22:27.381 資訊 [main] org.apache.jasper.servlet.TldScanner.scanJars At least one JAR was scanned for TLDs yet contained no TLDs. Enable debug logging for this logger for a complete list of JARs that were scanned but no TLDs were found in them. Skipping unneeded JARs during scanning can improve startup time and JSP compilation time.
28-Apr-2023 00:22:27.386 資訊 [main] org.apache.catalina.startup.HostConfig.deployDirectory Deployment of web application directory [/Users/boscoleung/Library/CloudStorage/OneDrive-HKUSTConnect/University/COMP4321/COMP4321-Project/apache-tomcat-10.1.6/webapps/manager] has finished in [52] ms
28-Apr-2023 00:22:27.386 資訊 [main] org.apache.catalina.startup.HostConfig.deployDirectory Deploying web application directory [/Users/boscoleung/Library/CloudStorage/OneDrive-HKUSTConnect/University/COMP4321/COMP4321-Project/apache-tomcat-10.1.6/webapps/lab4]
28-Apr-2023 00:22:27.428 資訊 [main] org.apache.jasper.servlet.TldScanner.scanJars At least one JAR was scanned for TLDs yet contained no TLDs. Enable debug logging for this logger for a complete list of JARs that were scanned but no TLDs were found in them. Skipping unneeded JARs during scanning can improve startup time and JSP compilation time.
28-Apr-2023 00:22:27.430 資訊 [main] org.apache.catalina.startup.HostConfig.deployDirectory Deployment of web application directory [/Users/boscoleung/Library/CloudStorage/OneDrive-HKUSTConnect/University/COMP4321/COMP4321-Project/apache-tomcat-10.1.6/webapps/lab4] has finished in [44] ms
28-Apr-2023 00:22:27.430 資訊 [main] org.apache.catalina.startup.HostConfig.deployDirectory Deploying web application directory [/Users/boscoleung/Library/CloudStorage/OneDrive-HKUSTConnect/University/COMP4321/COMP4321-Project/apache-tomcat-10.1.6/webapps/examples]
28-Apr-2023 00:22:27.564 資訊 [main] org.apache.jasper.servlet.TldScanner.scanJars At least one JAR was scanned for TLDs yet contained no TLDs. Enable debug logging for this logger for a complete list of JARs that were scanned but no TLDs were found in them. Skipping unneeded JARs during scanning can improve startup time and JSP compilation time.
28-Apr-2023 00:22:27.575 資訊 [main] org.apache.catalina.startup.HostConfig.deployDirectory Deployment of web application directory [/Users/boscoleung/Library/CloudStorage/OneDrive-HKUSTConnect/University/COMP4321/COMP4321-Project/apache-tomcat-10.1.6/webapps/examples] has finished in [144] ms
28-Apr-2023 00:22:27.575 資訊 [main] org.apache.catalina.startup.HostConfig.deployDirectory Deploying web application directory [/Users/boscoleung/Library/CloudStorage/OneDrive-HKUSTConnect/University/COMP4321/COMP4321-Project/apache-tomcat-10.1.6/webapps/ROOT]
28-Apr-2023 00:22:27.618 資訊 [main] org.apache.jasper.servlet.TldScanner.scanJars At least one JAR was scanned for TLDs yet contained no TLDs. Enable debug logging for this logger for a complete list of JARs that were scanned but no TLDs were found in them. Skipping unneeded JARs during scanning can improve startup time and JSP compilation time.
28-Apr-2023 00:22:27.619 資訊 [main] org.apache.catalina.startup.HostConfig.deployDirectory Deployment of web application directory [/Users/boscoleung/Library/CloudStorage/OneDrive-HKUSTConnect/University/COMP4321/COMP4321-Project/apache-tomcat-10.1.6/webapps/ROOT] has finished in [44] ms
28-Apr-2023 00:22:27.619 資訊 [main] org.apache.catalina.startup.HostConfig.deployDirectory Deploying web application directory [/Users/boscoleung/Library/CloudStorage/OneDrive-HKUSTConnect/University/COMP4321/COMP4321-Project/apache-tomcat-10.1.6/webapps/host-manager]
28-Apr-2023 00:22:27.658 資訊 [main] org.apache.jasper.servlet.TldScanner.scanJars At least one JAR was scanned for TLDs yet contained no TLDs. Enable debug logging for this logger for a complete list of JARs that were scanned but no TLDs were found in them. Skipping unneeded JARs during scanning can improve startup time and JSP compilation time.
28-Apr-2023 00:22:27.659 資訊 [main] org.apache.catalina.startup.HostConfig.deployDirectory Deployment of web application directory [/Users/boscoleung/Library/CloudStorage/OneDrive-HKUSTConnect/University/COMP4321/COMP4321-Project/apache-tomcat-10.1.6/webapps/host-manager] has finished in [40] ms
28-Apr-2023 00:22:27.665 資訊 [main] org.apache.coyote.AbstractProtocol.start Starting ProtocolHandler ["http-nio-8080"]
28-Apr-2023 00:22:27.671 資訊 [main] org.apache.catalina.startup.Catalina.start Server startup in [679] milliseconds
28-Apr-2023 00:24:57.348 資訊 [main] org.apache.catalina.core.StandardServer.await A valid shutdown command was received via the shutdown port. Stopping the Server instance.
28-Apr-2023 00:24:57.350 資訊 [main] org.apache.coyote.AbstractProtocol.pause Pausing ProtocolHandler ["http-nio-8080"]
28-Apr-2023 00:24:57.352 資訊 [main] org.apache.catalina.core.StandardService.stopInternal Stopping service [Catalina]
28-Apr-2023 00:24:57.364 資訊 [main] org.apache.coyote.AbstractProtocol.stop Stopping ProtocolHandler ["http-nio-8080"]
28-Apr-2023 00:24:57.378 資訊 [main] org.apache.coyote.AbstractProtocol.destroy Destroying ProtocolHandler ["http-nio-8080"]
28-Apr-2023 00:25:18.407 資訊 [main] org.apache.catalina.startup.VersionLoggerListener.log Server version name:   Apache Tomcat/10.1.6
28-Apr-2023 00:25:18.410 資訊 [main] org.apache.catalina.startup.VersionLoggerListener.log Server built:          Feb 19 2023 13:23:52 UTC
28-Apr-2023 00:25:18.411 資訊 [main] org.apache.catalina.startup.VersionLoggerListener.log Server version number: 10.1.6.0
28-Apr-2023 00:25:18.411 資訊 [main] org.apache.catalina.startup.VersionLoggerListener.log OS Name:               Mac OS X
28-Apr-2023 00:25:18.411 資訊 [main] org.apache.catalina.startup.VersionLoggerListener.log OS Version:            13.3.1
28-Apr-2023 00:25:18.411 資訊 [main] org.apache.catalina.startup.VersionLoggerListener.log Architecture:          aarch64
28-Apr-2023 00:25:18.411 資訊 [main] org.apache.catalina.startup.VersionLoggerListener.log Java Home:             /Users/boscoleung/opt/anaconda3
28-Apr-2023 00:25:18.411 資訊 [main] org.apache.catalina.startup.VersionLoggerListener.log JVM Version:           11.0.13+7-b1751.21
28-Apr-2023 00:25:18.411 資訊 [main] org.apache.catalina.startup.VersionLoggerListener.log JVM Vendor:            JetBrains s.r.o.
28-Apr-2023 00:25:18.411 資訊 [main] org.apache.catalina.startup.VersionLoggerListener.log CATALINA_BASE:         /Users/boscoleung/Library/CloudStorage/OneDrive-HKUSTConnect/University/COMP4321/COMP4321-Project/apache-tomcat-10.1.6
28-Apr-2023 00:25:18.411 資訊 [main] org.apache.catalina.startup.VersionLoggerListener.log CATALINA_HOME:         /Users/boscoleung/Library/CloudStorage/OneDrive-HKUSTConnect/University/COMP4321/COMP4321-Project/apache-tomcat-10.1.6
28-Apr-2023 00:25:18.419 資訊 [main] org.apache.catalina.startup.VersionLoggerListener.log Command line argument: -Djava.util.logging.config.file=/Users/boscoleung/Library/CloudStorage/OneDrive-HKUSTConnect/University/COMP4321/COMP4321-Project/apache-tomcat-10.1.6/conf/logging.properties
28-Apr-2023 00:25:18.419 資訊 [main] org.apache.catalina.startup.VersionLoggerListener.log Command line argument: -Djava.util.logging.manager=org.apache.juli.ClassLoaderLogManager
28-Apr-2023 00:25:18.419 資訊 [main] org.apache.catalina.startup.VersionLoggerListener.log Command line argument: -Djdk.tls.ephemeralDHKeySize=2048
28-Apr-2023 00:25:18.419 資訊 [main] org.apache.catalina.startup.VersionLoggerListener.log Command line argument: -Dorg.apache.catalina.security.SecurityListener.UMASK=0027
28-Apr-2023 00:25:18.419 資訊 [main] org.apache.catalina.startup.VersionLoggerListener.log Command line argument: --add-opens=java.base/java.lang=ALL-UNNAMED
28-Apr-2023 00:25:18.419 資訊 [main] org.apache.catalina.startup.VersionLoggerListener.log Command line argument: --add-opens=java.base/java.io=ALL-UNNAMED
28-Apr-2023 00:25:18.419 資訊 [main] org.apache.catalina.startup.VersionLoggerListener.log Command line argument: --add-opens=java.base/java.util=ALL-UNNAMED
28-Apr-2023 00:25:18.419 資訊 [main] org.apache.catalina.startup.VersionLoggerListener.log Command line argument: --add-opens=java.base/java.util.concurrent=ALL-UNNAMED
28-Apr-2023 00:25:18.419 資訊 [main] org.apache.catalina.startup.VersionLoggerListener.log Command line argument: --add-opens=java.rmi/sun.rmi.transport=ALL-UNNAMED
28-Apr-2023 00:25:18.420 資訊 [main] org.apache.catalina.startup.VersionLoggerListener.log Command line argument: -Dcatalina.base=/Users/boscoleung/Library/CloudStorage/OneDrive-HKUSTConnect/University/COMP4321/COMP4321-Project/apache-tomcat-10.1.6
28-Apr-2023 00:25:18.420 資訊 [main] org.apache.catalina.startup.VersionLoggerListener.log Command line argument: -Dcatalina.home=/Users/boscoleung/Library/CloudStorage/OneDrive-HKUSTConnect/University/COMP4321/COMP4321-Project/apache-tomcat-10.1.6
28-Apr-2023 00:25:18.420 資訊 [main] org.apache.catalina.startup.VersionLoggerListener.log Command line argument: -Djava.io.tmpdir=/Users/boscoleung/Library/CloudStorage/OneDrive-HKUSTConnect/University/COMP4321/COMP4321-Project/apache-tomcat-10.1.6/temp
28-Apr-2023 00:25:18.421 資訊 [main] org.apache.catalina.core.AprLifecycleListener.lifecycleEvent The Apache Tomcat Native library which allows using OpenSSL was not found on the java.library.path: [/Users/boscoleung/Library/Java/Extensions:/Library/Java/Extensions:/Network/Library/Java/Extensions:/System/Library/Java/Extensions:/usr/lib/java:.]
28-Apr-2023 00:25:18.561 資訊 [main] org.apache.coyote.AbstractProtocol.init Initializing ProtocolHandler ["http-nio-8080"]
28-Apr-2023 00:25:18.579 資訊 [main] org.apache.catalina.startup.Catalina.load Server initialization in [308] milliseconds
28-Apr-2023 00:25:18.603 資訊 [main] org.apache.catalina.core.StandardService.startInternal Starting service [Catalina]
28-Apr-2023 00:25:18.603 資訊 [main] org.apache.catalina.core.StandardEngine.startInternal Starting Servlet engine: [Apache Tomcat/10.1.6]
28-Apr-2023 00:25:18.609 資訊 [main] org.apache.catalina.startup.HostConfig.deployDirectory Deploying web application directory [/Users/boscoleung/Library/CloudStorage/OneDrive-HKUSTConnect/University/COMP4321/COMP4321-Project/apache-tomcat-10.1.6/webapps/docs]
28-Apr-2023 00:25:18.844 資訊 [main] org.apache.jasper.servlet.TldScanner.scanJars At least one JAR was scanned for TLDs yet contained no TLDs. Enable debug logging for this logger for a complete list of JARs that were scanned but no TLDs were found in them. Skipping unneeded JARs during scanning can improve startup time and JSP compilation time.
28-Apr-2023 00:25:18.869 資訊 [main] org.apache.catalina.startup.HostConfig.deployDirectory Deployment of web application directory [/Users/boscoleung/Library/CloudStorage/OneDrive-HKUSTConnect/University/COMP4321/COMP4321-Project/apache-tomcat-10.1.6/webapps/docs] has finished in [260] ms
28-Apr-2023 00:25:18.869 資訊 [main] org.apache.catalina.startup.HostConfig.deployDirectory Deploying web application directory [/Users/boscoleung/Library/CloudStorage/OneDrive-HKUSTConnect/University/COMP4321/COMP4321-Project/apache-tomcat-10.1.6/webapps/Project]
28-Apr-2023 00:25:18.917 資訊 [main] org.apache.jasper.servlet.TldScanner.scanJars At least one JAR was scanned for TLDs yet contained no TLDs. Enable debug logging for this logger for a complete list of JARs that were scanned but no TLDs were found in them. Skipping unneeded JARs during scanning can improve startup time and JSP compilation time.
28-Apr-2023 00:25:18.921 資訊 [main] org.apache.catalina.startup.HostConfig.deployDirectory Deployment of web application directory [/Users/boscoleung/Library/CloudStorage/OneDrive-HKUSTConnect/University/COMP4321/COMP4321-Project/apache-tomcat-10.1.6/webapps/Project] has finished in [52] ms
28-Apr-2023 00:25:18.921 資訊 [main] org.apache.catalina.startup.HostConfig.deployDirectory Deploying web application directory [/Users/boscoleung/Library/CloudStorage/OneDrive-HKUSTConnect/University/COMP4321/COMP4321-Project/apache-tomcat-10.1.6/webapps/manager]
28-Apr-2023 00:25:18.979 資訊 [main] org.apache.jasper.servlet.TldScanner.scanJars At least one JAR was scanned for TLDs yet contained no TLDs. Enable debug logging for this logger for a complete list of JARs that were scanned but no TLDs were found in them. Skipping unneeded JARs during scanning can improve startup time and JSP compilation time.
28-Apr-2023 00:25:18.984 資訊 [main] org.apache.catalina.startup.HostConfig.deployDirectory Deployment of web application directory [/Users/boscoleung/Library/CloudStorage/OneDrive-HKUSTConnect/University/COMP4321/COMP4321-Project/apache-tomcat-10.1.6/webapps/manager] has finished in [63] ms
28-Apr-2023 00:25:18.985 資訊 [main] org.apache.catalina.startup.HostConfig.deployDirectory Deploying web application directory [/Users/boscoleung/Library/CloudStorage/OneDrive-HKUSTConnect/University/COMP4321/COMP4321-Project/apache-tomcat-10.1.6/webapps/lab4]
28-Apr-2023 00:25:19.044 資訊 [main] org.apache.jasper.servlet.TldScanner.scanJars At least one JAR was scanned for TLDs yet contained no TLDs. Enable debug logging for this logger for a complete list of JARs that were scanned but no TLDs were found in them. Skipping unneeded JARs during scanning can improve startup time and JSP compilation time.
28-Apr-2023 00:25:19.045 資訊 [main] org.apache.catalina.startup.HostConfig.deployDirectory Deployment of web application directory [/Users/boscoleung/Library/CloudStorage/OneDrive-HKUSTConnect/University/COMP4321/COMP4321-Project/apache-tomcat-10.1.6/webapps/lab4] has finished in [60] ms
28-Apr-2023 00:25:19.045 資訊 [main] org.apache.catalina.startup.HostConfig.deployDirectory Deploying web application directory [/Users/boscoleung/Library/CloudStorage/OneDrive-HKUSTConnect/University/COMP4321/COMP4321-Project/apache-tomcat-10.1.6/webapps/examples]
28-Apr-2023 00:25:19.201 資訊 [main] org.apache.jasper.servlet.TldScanner.scanJars At least one JAR was scanned for TLDs yet contained no TLDs. Enable debug logging for this logger for a complete list of JARs that were scanned but no TLDs were found in them. Skipping unneeded JARs during scanning can improve startup time and JSP compilation time.
28-Apr-2023 00:25:19.212 資訊 [main] org.apache.catalina.startup.HostConfig.deployDirectory Deployment of web application directory [/Users/boscoleung/Library/CloudStorage/OneDrive-HKUSTConnect/University/COMP4321/COMP4321-Project/apache-tomcat-10.1.6/webapps/examples] has finished in [167] ms
28-Apr-2023 00:25:19.213 資訊 [main] org.apache.catalina.startup.HostConfig.deployDirectory Deploying web application directory [/Users/boscoleung/Library/CloudStorage/OneDrive-HKUSTConnect/University/COMP4321/COMP4321-Project/apache-tomcat-10.1.6/webapps/ROOT]
28-Apr-2023 00:25:19.268 資訊 [main] org.apache.jasper.servlet.TldScanner.scanJars At least one JAR was scanned for TLDs yet contained no TLDs. Enable debug logging for this logger for a complete list of JARs that were scanned but no TLDs were found in them. Skipping unneeded JARs during scanning can improve startup time and JSP compilation time.
28-Apr-2023 00:25:19.268 資訊 [main] org.apache.catalina.startup.HostConfig.deployDirectory Deployment of web application directory [/Users/boscoleung/Library/CloudStorage/OneDrive-HKUSTConnect/University/COMP4321/COMP4321-Project/apache-tomcat-10.1.6/webapps/ROOT] has finished in [55] ms
28-Apr-2023 00:25:19.269 資訊 [main] org.apache.catalina.startup.HostConfig.deployDirectory Deploying web application directory [/Users/boscoleung/Library/CloudStorage/OneDrive-HKUSTConnect/University/COMP4321/COMP4321-Project/apache-tomcat-10.1.6/webapps/host-manager]
28-Apr-2023 00:25:19.323 資訊 [main] org.apache.jasper.servlet.TldScanner.scanJars At least one JAR was scanned for TLDs yet contained no TLDs. Enable debug logging for this logger for a complete list of JARs that were scanned but no TLDs were found in them. Skipping unneeded JARs during scanning can improve startup time and JSP compilation time.
28-Apr-2023 00:25:19.324 資訊 [main] org.apache.catalina.startup.HostConfig.deployDirectory Deployment of web application directory [/Users/boscoleung/Library/CloudStorage/OneDrive-HKUSTConnect/University/COMP4321/COMP4321-Project/apache-tomcat-10.1.6/webapps/host-manager] has finished in [55] ms
28-Apr-2023 00:25:19.328 資訊 [main] org.apache.coyote.AbstractProtocol.start Starting ProtocolHandler ["http-nio-8080"]
28-Apr-2023 00:25:19.336 資訊 [main] org.apache.catalina.startup.Catalina.start Server startup in [756] milliseconds
28-Apr-2023 00:35:02.062 資訊 [main] org.apache.catalina.core.StandardServer.await A valid shutdown command was received via the shutdown port. Stopping the Server instance.
28-Apr-2023 00:35:02.064 資訊 [main] org.apache.coyote.AbstractProtocol.pause Pausing ProtocolHandler ["http-nio-8080"]
28-Apr-2023 00:35:02.067 資訊 [main] org.apache.catalina.core.StandardService.stopInternal Stopping service [Catalina]
28-Apr-2023 00:35:02.085 資訊 [main] org.apache.coyote.AbstractProtocol.stop Stopping ProtocolHandler ["http-nio-8080"]
28-Apr-2023 00:35:02.093 資訊 [main] org.apache.coyote.AbstractProtocol.destroy Destroying ProtocolHandler ["http-nio-8080"]
28-Apr-2023 00:37:30.540 資訊 [main] org.apache.catalina.startup.VersionLoggerListener.log Server version name:   Apache Tomcat/10.1.6
28-Apr-2023 00:37:30.544 資訊 [main] org.apache.catalina.startup.VersionLoggerListener.log Server built:          Feb 19 2023 13:23:52 UTC
28-Apr-2023 00:37:30.544 資訊 [main] org.apache.catalina.startup.VersionLoggerListener.log Server version number: 10.1.6.0
28-Apr-2023 00:37:30.544 資訊 [main] org.apache.catalina.startup.VersionLoggerListener.log OS Name:               Mac OS X
28-Apr-2023 00:37:30.544 資訊 [main] org.apache.catalina.startup.VersionLoggerListener.log OS Version:            13.3.1
28-Apr-2023 00:37:30.544 資訊 [main] org.apache.catalina.startup.VersionLoggerListener.log Architecture:          aarch64
28-Apr-2023 00:37:30.544 資訊 [main] org.apache.catalina.startup.VersionLoggerListener.log Java Home:             /Users/boscoleung/opt/anaconda3
28-Apr-2023 00:37:30.544 資訊 [main] org.apache.catalina.startup.VersionLoggerListener.log JVM Version:           11.0.13+7-b1751.21
28-Apr-2023 00:37:30.544 資訊 [main] org.apache.catalina.startup.VersionLoggerListener.log JVM Vendor:            JetBrains s.r.o.
28-Apr-2023 00:37:30.544 資訊 [main] org.apache.catalina.startup.VersionLoggerListener.log CATALINA_BASE:         /Users/boscoleung/Library/CloudStorage/OneDrive-HKUSTConnect/University/COMP4321/COMP4321-Project/apache-tomcat-10.1.6
28-Apr-2023 00:37:30.544 資訊 [main] org.apache.catalina.startup.VersionLoggerListener.log CATALINA_HOME:         /Users/boscoleung/Library/CloudStorage/OneDrive-HKUSTConnect/University/COMP4321/COMP4321-Project/apache-tomcat-10.1.6
28-Apr-2023 00:37:30.552 資訊 [main] org.apache.catalina.startup.VersionLoggerListener.log Command line argument: -Djava.util.logging.config.file=/Users/boscoleung/Library/CloudStorage/OneDrive-HKUSTConnect/University/COMP4321/COMP4321-Project/apache-tomcat-10.1.6/conf/logging.properties
28-Apr-2023 00:37:30.552 資訊 [main] org.apache.catalina.startup.VersionLoggerListener.log Command line argument: -Djava.util.logging.manager=org.apache.juli.ClassLoaderLogManager
28-Apr-2023 00:37:30.552 資訊 [main] org.apache.catalina.startup.VersionLoggerListener.log Command line argument: -Djdk.tls.ephemeralDHKeySize=2048
28-Apr-2023 00:37:30.552 資訊 [main] org.apache.catalina.startup.VersionLoggerListener.log Command line argument: -Dorg.apache.catalina.security.SecurityListener.UMASK=0027
28-Apr-2023 00:37:30.552 資訊 [main] org.apache.catalina.startup.VersionLoggerListener.log Command line argument: --add-opens=java.base/java.lang=ALL-UNNAMED
28-Apr-2023 00:37:30.552 資訊 [main] org.apache.catalina.startup.VersionLoggerListener.log Command line argument: --add-opens=java.base/java.io=ALL-UNNAMED
28-Apr-2023 00:37:30.553 資訊 [main] org.apache.catalina.startup.VersionLoggerListener.log Command line argument: --add-opens=java.base/java.util=ALL-UNNAMED
28-Apr-2023 00:37:30.553 資訊 [main] org.apache.catalina.startup.VersionLoggerListener.log Command line argument: --add-opens=java.base/java.util.concurrent=ALL-UNNAMED
28-Apr-2023 00:37:30.553 資訊 [main] org.apache.catalina.startup.VersionLoggerListener.log Command line argument: --add-opens=java.rmi/sun.rmi.transport=ALL-UNNAMED
28-Apr-2023 00:37:30.553 資訊 [main] org.apache.catalina.startup.VersionLoggerListener.log Command line argument: -Dcatalina.base=/Users/boscoleung/Library/CloudStorage/OneDrive-HKUSTConnect/University/COMP4321/COMP4321-Project/apache-tomcat-10.1.6
28-Apr-2023 00:37:30.553 資訊 [main] org.apache.catalina.startup.VersionLoggerListener.log Command line argument: -Dcatalina.home=/Users/boscoleung/Library/CloudStorage/OneDrive-HKUSTConnect/University/COMP4321/COMP4321-Project/apache-tomcat-10.1.6
28-Apr-2023 00:37:30.553 資訊 [main] org.apache.catalina.startup.VersionLoggerListener.log Command line argument: -Djava.io.tmpdir=/Users/boscoleung/Library/CloudStorage/OneDrive-HKUSTConnect/University/COMP4321/COMP4321-Project/apache-tomcat-10.1.6/temp
28-Apr-2023 00:37:30.554 資訊 [main] org.apache.catalina.core.AprLifecycleListener.lifecycleEvent The Apache Tomcat Native library which allows using OpenSSL was not found on the java.library.path: [/Users/boscoleung/Library/Java/Extensions:/Library/Java/Extensions:/Network/Library/Java/Extensions:/System/Library/Java/Extensions:/usr/lib/java:.]
28-Apr-2023 00:37:30.680 資訊 [main] org.apache.coyote.AbstractProtocol.init Initializing ProtocolHandler ["http-nio-8080"]
28-Apr-2023 00:37:30.694 資訊 [main] org.apache.catalina.startup.Catalina.load Server initialization in [264] milliseconds
28-Apr-2023 00:37:30.714 資訊 [main] org.apache.catalina.core.StandardService.startInternal Starting service [Catalina]
28-Apr-2023 00:37:30.714 資訊 [main] org.apache.catalina.core.StandardEngine.startInternal Starting Servlet engine: [Apache Tomcat/10.1.6]
28-Apr-2023 00:37:30.718 資訊 [main] org.apache.catalina.startup.HostConfig.deployDirectory Deploying web application directory [/Users/boscoleung/Library/CloudStorage/OneDrive-HKUSTConnect/University/COMP4321/COMP4321-Project/apache-tomcat-10.1.6/webapps/docs]
28-Apr-2023 00:37:30.925 資訊 [main] org.apache.jasper.servlet.TldScanner.scanJars At least one JAR was scanned for TLDs yet contained no TLDs. Enable debug logging for this logger for a complete list of JARs that were scanned but no TLDs were found in them. Skipping unneeded JARs during scanning can improve startup time and JSP compilation time.
28-Apr-2023 00:37:30.948 資訊 [main] org.apache.catalina.startup.HostConfig.deployDirectory Deployment of web application directory [/Users/boscoleung/Library/CloudStorage/OneDrive-HKUSTConnect/University/COMP4321/COMP4321-Project/apache-tomcat-10.1.6/webapps/docs] has finished in [229] ms
28-Apr-2023 00:37:30.948 資訊 [main] org.apache.catalina.startup.HostConfig.deployDirectory Deploying web application directory [/Users/boscoleung/Library/CloudStorage/OneDrive-HKUSTConnect/University/COMP4321/COMP4321-Project/apache-tomcat-10.1.6/webapps/Project]
28-Apr-2023 00:37:30.999 資訊 [main] org.apache.jasper.servlet.TldScanner.scanJars At least one JAR was scanned for TLDs yet contained no TLDs. Enable debug logging for this logger for a complete list of JARs that were scanned but no TLDs were found in them. Skipping unneeded JARs during scanning can improve startup time and JSP compilation time.
28-Apr-2023 00:37:31.003 資訊 [main] org.apache.catalina.startup.HostConfig.deployDirectory Deployment of web application directory [/Users/boscoleung/Library/CloudStorage/OneDrive-HKUSTConnect/University/COMP4321/COMP4321-Project/apache-tomcat-10.1.6/webapps/Project] has finished in [55] ms
28-Apr-2023 00:37:31.003 資訊 [main] org.apache.catalina.startup.HostConfig.deployDirectory Deploying web application directory [/Users/boscoleung/Library/CloudStorage/OneDrive-HKUSTConnect/University/COMP4321/COMP4321-Project/apache-tomcat-10.1.6/webapps/manager]
28-Apr-2023 00:37:31.056 資訊 [main] org.apache.jasper.servlet.TldScanner.scanJars At least one JAR was scanned for TLDs yet contained no TLDs. Enable debug logging for this logger for a complete list of JARs that were scanned but no TLDs were found in them. Skipping unneeded JARs during scanning can improve startup time and JSP compilation time.
28-Apr-2023 00:37:31.061 資訊 [main] org.apache.catalina.startup.HostConfig.deployDirectory Deployment of web application directory [/Users/boscoleung/Library/CloudStorage/OneDrive-HKUSTConnect/University/COMP4321/COMP4321-Project/apache-tomcat-10.1.6/webapps/manager] has finished in [58] ms
28-Apr-2023 00:37:31.061 資訊 [main] org.apache.catalina.startup.HostConfig.deployDirectory Deploying web application directory [/Users/boscoleung/Library/CloudStorage/OneDrive-HKUSTConnect/University/COMP4321/COMP4321-Project/apache-tomcat-10.1.6/webapps/lab4]
28-Apr-2023 00:37:31.104 資訊 [main] org.apache.jasper.servlet.TldScanner.scanJars At least one JAR was scanned for TLDs yet contained no TLDs. Enable debug logging for this logger for a complete list of JARs that were scanned but no TLDs were found in them. Skipping unneeded JARs during scanning can improve startup time and JSP compilation time.
28-Apr-2023 00:37:31.105 資訊 [main] org.apache.catalina.startup.HostConfig.deployDirectory Deployment of web application directory [/Users/boscoleung/Library/CloudStorage/OneDrive-HKUSTConnect/University/COMP4321/COMP4321-Project/apache-tomcat-10.1.6/webapps/lab4] has finished in [44] ms
28-Apr-2023 00:37:31.105 資訊 [main] org.apache.catalina.startup.HostConfig.deployDirectory Deploying web application directory [/Users/boscoleung/Library/CloudStorage/OneDrive-HKUSTConnect/University/COMP4321/COMP4321-Project/apache-tomcat-10.1.6/webapps/examples]
28-Apr-2023 00:37:31.261 資訊 [main] org.apache.jasper.servlet.TldScanner.scanJars At least one JAR was scanned for TLDs yet contained no TLDs. Enable debug logging for this logger for a complete list of JARs that were scanned but no TLDs were found in them. Skipping unneeded JARs during scanning can improve startup time and JSP compilation time.
28-Apr-2023 00:37:31.273 資訊 [main] org.apache.catalina.startup.HostConfig.deployDirectory Deployment of web application directory [/Users/boscoleung/Library/CloudStorage/OneDrive-HKUSTConnect/University/COMP4321/COMP4321-Project/apache-tomcat-10.1.6/webapps/examples] has finished in [168] ms
28-Apr-2023 00:37:31.273 資訊 [main] org.apache.catalina.startup.HostConfig.deployDirectory Deploying web application directory [/Users/boscoleung/Library/CloudStorage/OneDrive-HKUSTConnect/University/COMP4321/COMP4321-Project/apache-tomcat-10.1.6/webapps/ROOT]
28-Apr-2023 00:37:31.320 資訊 [main] org.apache.jasper.servlet.TldScanner.scanJars At least one JAR was scanned for TLDs yet contained no TLDs. Enable debug logging for this logger for a complete list of JARs that were scanned but no TLDs were found in them. Skipping unneeded JARs during scanning can improve startup time and JSP compilation time.
28-Apr-2023 00:37:31.321 資訊 [main] org.apache.catalina.startup.HostConfig.deployDirectory Deployment of web application directory [/Users/boscoleung/Library/CloudStorage/OneDrive-HKUSTConnect/University/COMP4321/COMP4321-Project/apache-tomcat-10.1.6/webapps/ROOT] has finished in [47] ms
28-Apr-2023 00:37:31.321 資訊 [main] org.apache.catalina.startup.HostConfig.deployDirectory Deploying web application directory [/Users/boscoleung/Library/CloudStorage/OneDrive-HKUSTConnect/University/COMP4321/COMP4321-Project/apache-tomcat-10.1.6/webapps/host-manager]
28-Apr-2023 00:37:31.374 資訊 [main] org.apache.jasper.servlet.TldScanner.scanJars At least one JAR was scanned for TLDs yet contained no TLDs. Enable debug logging for this logger for a complete list of JARs that were scanned but no TLDs were found in them. Skipping unneeded JARs during scanning can improve startup time and JSP compilation time.
28-Apr-2023 00:37:31.376 資訊 [main] org.apache.catalina.startup.HostConfig.deployDirectory Deployment of web application directory [/Users/boscoleung/Library/CloudStorage/OneDrive-HKUSTConnect/University/COMP4321/COMP4321-Project/apache-tomcat-10.1.6/webapps/host-manager] has finished in [54] ms
28-Apr-2023 00:37:31.379 資訊 [main] org.apache.coyote.AbstractProtocol.start Starting ProtocolHandler ["http-nio-8080"]
28-Apr-2023 00:37:31.387 資訊 [main] org.apache.catalina.startup.Catalina.start Server startup in [692] milliseconds
28-Apr-2023 01:02:47.676 資訊 [main] org.apache.catalina.core.StandardServer.await A valid shutdown command was received via the shutdown port. Stopping the Server instance.
28-Apr-2023 01:02:47.678 資訊 [main] org.apache.coyote.AbstractProtocol.pause Pausing ProtocolHandler ["http-nio-8080"]
28-Apr-2023 01:02:47.681 資訊 [main] org.apache.catalina.core.StandardService.stopInternal Stopping service [Catalina]
28-Apr-2023 01:02:47.698 資訊 [main] org.apache.coyote.AbstractProtocol.stop Stopping ProtocolHandler ["http-nio-8080"]
28-Apr-2023 01:02:47.708 資訊 [main] org.apache.coyote.AbstractProtocol.destroy Destroying ProtocolHandler ["http-nio-8080"]
