24-Apr-2023 00:47:22.090 資訊 [main] org.apache.catalina.startup.VersionLoggerListener.log Server version name:   Apache Tomcat/10.1.6
24-Apr-2023 00:47:22.093 資訊 [main] org.apache.catalina.startup.VersionLoggerListener.log Server built:          Feb 19 2023 13:23:52 UTC
24-Apr-2023 00:47:22.093 資訊 [main] org.apache.catalina.startup.VersionLoggerListener.log Server version number: 10.1.6.0
24-Apr-2023 00:47:22.093 資訊 [main] org.apache.catalina.startup.VersionLoggerListener.log OS Name:               Mac OS X
24-Apr-2023 00:47:22.093 資訊 [main] org.apache.catalina.startup.VersionLoggerListener.log OS Version:            13.3.1
24-Apr-2023 00:47:22.093 資訊 [main] org.apache.catalina.startup.VersionLoggerListener.log Architecture:          aarch64
24-Apr-2023 00:47:22.093 資訊 [main] org.apache.catalina.startup.VersionLoggerListener.log Java Home:             /Users/boscoleung/opt/anaconda3
24-Apr-2023 00:47:22.093 資訊 [main] org.apache.catalina.startup.VersionLoggerListener.log JVM Version:           11.0.13+7-b1751.21
24-Apr-2023 00:47:22.093 資訊 [main] org.apache.catalina.startup.VersionLoggerListener.log JVM Vendor:            JetBrains s.r.o.
24-Apr-2023 00:47:22.093 資訊 [main] org.apache.catalina.startup.VersionLoggerListener.log CATALINA_BASE:         /Users/boscoleung/Library/CloudStorage/OneDrive-HKUSTConnect/University/COMP4321/COMP4321-Project/apache-tomcat-10.1.6
24-Apr-2023 00:47:22.094 資訊 [main] org.apache.catalina.startup.VersionLoggerListener.log CATALINA_HOME:         /Users/boscoleung/Library/CloudStorage/OneDrive-HKUSTConnect/University/COMP4321/COMP4321-Project/apache-tomcat-10.1.6
24-Apr-2023 00:47:22.140 資訊 [main] org.apache.catalina.startup.VersionLoggerListener.log Command line argument: -Djava.util.logging.config.file=/Users/boscoleung/Library/CloudStorage/OneDrive-HKUSTConnect/University/COMP4321/COMP4321-Project/apache-tomcat-10.1.6/conf/logging.properties
24-Apr-2023 00:47:22.140 資訊 [main] org.apache.catalina.startup.VersionLoggerListener.log Command line argument: -Djava.util.logging.manager=org.apache.juli.ClassLoaderLogManager
24-Apr-2023 00:47:22.140 資訊 [main] org.apache.catalina.startup.VersionLoggerListener.log Command line argument: -Djdk.tls.ephemeralDHKeySize=2048
24-Apr-2023 00:47:22.140 資訊 [main] org.apache.catalina.startup.VersionLoggerListener.log Command line argument: -Dorg.apache.catalina.security.SecurityListener.UMASK=0027
24-Apr-2023 00:47:22.140 資訊 [main] org.apache.catalina.startup.VersionLoggerListener.log Command line argument: --add-opens=java.base/java.lang=ALL-UNNAMED
24-Apr-2023 00:47:22.140 資訊 [main] org.apache.catalina.startup.VersionLoggerListener.log Command line argument: --add-opens=java.base/java.io=ALL-UNNAMED
24-Apr-2023 00:47:22.141 資訊 [main] org.apache.catalina.startup.VersionLoggerListener.log Command line argument: --add-opens=java.base/java.util=ALL-UNNAMED
24-Apr-2023 00:47:22.141 資訊 [main] org.apache.catalina.startup.VersionLoggerListener.log Command line argument: --add-opens=java.base/java.util.concurrent=ALL-UNNAMED
24-Apr-2023 00:47:22.141 資訊 [main] org.apache.catalina.startup.VersionLoggerListener.log Command line argument: --add-opens=java.rmi/sun.rmi.transport=ALL-UNNAMED
24-Apr-2023 00:47:22.141 資訊 [main] org.apache.catalina.startup.VersionLoggerListener.log Command line argument: -Dcatalina.base=/Users/boscoleung/Library/CloudStorage/OneDrive-HKUSTConnect/University/COMP4321/COMP4321-Project/apache-tomcat-10.1.6
24-Apr-2023 00:47:22.141 資訊 [main] org.apache.catalina.startup.VersionLoggerListener.log Command line argument: -Dcatalina.home=/Users/boscoleung/Library/CloudStorage/OneDrive-HKUSTConnect/University/COMP4321/COMP4321-Project/apache-tomcat-10.1.6
24-Apr-2023 00:47:22.141 資訊 [main] org.apache.catalina.startup.VersionLoggerListener.log Command line argument: -Djava.io.tmpdir=/Users/boscoleung/Library/CloudStorage/OneDrive-HKUSTConnect/University/COMP4321/COMP4321-Project/apache-tomcat-10.1.6/temp
24-Apr-2023 00:47:22.143 資訊 [main] org.apache.catalina.core.AprLifecycleListener.lifecycleEvent The Apache Tomcat Native library which allows using OpenSSL was not found on the java.library.path: [/Users/boscoleung/Library/Java/Extensions:/Library/Java/Extensions:/Network/Library/Java/Extensions:/System/Library/Java/Extensions:/usr/lib/java:.]
24-Apr-2023 00:47:22.285 資訊 [main] org.apache.coyote.AbstractProtocol.init Initializing ProtocolHandler ["http-nio-8080"]
24-Apr-2023 00:47:22.303 資訊 [main] org.apache.catalina.startup.Catalina.load Server initialization in [335] milliseconds
24-Apr-2023 00:47:22.329 資訊 [main] org.apache.catalina.core.StandardService.startInternal Starting service [Catalina]
24-Apr-2023 00:47:22.329 資訊 [main] org.apache.catalina.core.StandardEngine.startInternal Starting Servlet engine: [Apache Tomcat/10.1.6]
24-Apr-2023 00:47:22.335 資訊 [main] org.apache.catalina.startup.HostConfig.deployDirectory Deploying web application directory [/Users/boscoleung/Library/CloudStorage/OneDrive-HKUSTConnect/University/COMP4321/COMP4321-Project/apache-tomcat-10.1.6/webapps/docs]
24-Apr-2023 00:47:22.526 資訊 [main] org.apache.catalina.startup.HostConfig.deployDirectory Deployment of web application directory [/Users/boscoleung/Library/CloudStorage/OneDrive-HKUSTConnect/University/COMP4321/COMP4321-Project/apache-tomcat-10.1.6/webapps/docs] has finished in [191] ms
24-Apr-2023 00:47:22.526 資訊 [main] org.apache.catalina.startup.HostConfig.deployDirectory Deploying web application directory [/Users/boscoleung/Library/CloudStorage/OneDrive-HKUSTConnect/University/COMP4321/COMP4321-Project/apache-tomcat-10.1.6/webapps/Project]
24-Apr-2023 00:47:22.552 資訊 [main] org.apache.catalina.startup.HostConfig.deployDirectory Deployment of web application directory [/Users/boscoleung/Library/CloudStorage/OneDrive-HKUSTConnect/University/COMP4321/COMP4321-Project/apache-tomcat-10.1.6/webapps/Project] has finished in [26] ms
24-Apr-2023 00:47:22.553 資訊 [main] org.apache.catalina.startup.HostConfig.deployDirectory Deploying web application directory [/Users/boscoleung/Library/CloudStorage/OneDrive-HKUSTConnect/University/COMP4321/COMP4321-Project/apache-tomcat-10.1.6/webapps/manager]
24-Apr-2023 00:47:22.571 資訊 [main] org.apache.catalina.startup.HostConfig.deployDirectory Deployment of web application directory [/Users/boscoleung/Library/CloudStorage/OneDrive-HKUSTConnect/University/COMP4321/COMP4321-Project/apache-tomcat-10.1.6/webapps/manager] has finished in [18] ms
24-Apr-2023 00:47:22.571 資訊 [main] org.apache.catalina.startup.HostConfig.deployDirectory Deploying web application directory [/Users/boscoleung/Library/CloudStorage/OneDrive-HKUSTConnect/University/COMP4321/COMP4321-Project/apache-tomcat-10.1.6/webapps/lab4]
24-Apr-2023 00:47:22.580 資訊 [main] org.apache.catalina.startup.HostConfig.deployDirectory Deployment of web application directory [/Users/boscoleung/Library/CloudStorage/OneDrive-HKUSTConnect/University/COMP4321/COMP4321-Project/apache-tomcat-10.1.6/webapps/lab4] has finished in [9] ms
24-Apr-2023 00:47:22.580 資訊 [main] org.apache.catalina.startup.HostConfig.deployDirectory Deploying web application directory [/Users/boscoleung/Library/CloudStorage/OneDrive-HKUSTConnect/University/COMP4321/COMP4321-Project/apache-tomcat-10.1.6/webapps/examples]
24-Apr-2023 00:47:22.710 資訊 [main] org.apache.catalina.startup.HostConfig.deployDirectory Deployment of web application directory [/Users/boscoleung/Library/CloudStorage/OneDrive-HKUSTConnect/University/COMP4321/COMP4321-Project/apache-tomcat-10.1.6/webapps/examples] has finished in [130] ms
24-Apr-2023 00:47:22.710 資訊 [main] org.apache.catalina.startup.HostConfig.deployDirectory Deploying web application directory [/Users/boscoleung/Library/CloudStorage/OneDrive-HKUSTConnect/University/COMP4321/COMP4321-Project/apache-tomcat-10.1.6/webapps/ROOT]
24-Apr-2023 00:47:22.718 資訊 [main] org.apache.catalina.startup.HostConfig.deployDirectory Deployment of web application directory [/Users/boscoleung/Library/CloudStorage/OneDrive-HKUSTConnect/University/COMP4321/COMP4321-Project/apache-tomcat-10.1.6/webapps/ROOT] has finished in [8] ms
24-Apr-2023 00:47:22.718 資訊 [main] org.apache.catalina.startup.HostConfig.deployDirectory Deploying web application directory [/Users/boscoleung/Library/CloudStorage/OneDrive-HKUSTConnect/University/COMP4321/COMP4321-Project/apache-tomcat-10.1.6/webapps/host-manager]
24-Apr-2023 00:47:22.728 資訊 [main] org.apache.catalina.startup.HostConfig.deployDirectory Deployment of web application directory [/Users/boscoleung/Library/CloudStorage/OneDrive-HKUSTConnect/University/COMP4321/COMP4321-Project/apache-tomcat-10.1.6/webapps/host-manager] has finished in [10] ms
24-Apr-2023 00:47:22.731 資訊 [main] org.apache.coyote.AbstractProtocol.start Starting ProtocolHandler ["http-nio-8080"]
24-Apr-2023 00:47:22.743 資訊 [main] org.apache.catalina.startup.Catalina.start Server startup in [439] milliseconds
24-Apr-2023 00:59:52.339 資訊 [main] org.apache.catalina.core.StandardServer.await A valid shutdown command was received via the shutdown port. Stopping the Server instance.
24-Apr-2023 00:59:52.341 資訊 [main] org.apache.coyote.AbstractProtocol.pause Pausing ProtocolHandler ["http-nio-8080"]
24-Apr-2023 00:59:52.344 資訊 [main] org.apache.catalina.core.StandardService.stopInternal Stopping service [Catalina]
24-Apr-2023 00:59:52.363 資訊 [main] org.apache.coyote.AbstractProtocol.stop Stopping ProtocolHandler ["http-nio-8080"]
24-Apr-2023 00:59:52.370 資訊 [main] org.apache.coyote.AbstractProtocol.destroy Destroying ProtocolHandler ["http-nio-8080"]
