26-Feb-2023 23:50:29.706 資訊 [main] org.apache.catalina.startup.VersionLoggerListener.log Server version name:   Apache Tomcat/10.1.6
26-Feb-2023 23:50:29.710 資訊 [main] org.apache.catalina.startup.VersionLoggerListener.log Server built:          Feb 19 2023 13:23:52 UTC
26-Feb-2023 23:50:29.710 資訊 [main] org.apache.catalina.startup.VersionLoggerListener.log Server version number: 10.1.6.0
26-Feb-2023 23:50:29.710 資訊 [main] org.apache.catalina.startup.VersionLoggerListener.log OS Name:               Mac OS X
26-Feb-2023 23:50:29.710 資訊 [main] org.apache.catalina.startup.VersionLoggerListener.log OS Version:            13.2.1
26-Feb-2023 23:50:29.710 資訊 [main] org.apache.catalina.startup.VersionLoggerListener.log Architecture:          aarch64
26-Feb-2023 23:50:29.710 資訊 [main] org.apache.catalina.startup.VersionLoggerListener.log Java Home:             /Users/boscoleung/opt/anaconda3
26-Feb-2023 23:50:29.710 資訊 [main] org.apache.catalina.startup.VersionLoggerListener.log JVM Version:           11.0.13+7-b1751.21
26-Feb-2023 23:50:29.710 資訊 [main] org.apache.catalina.startup.VersionLoggerListener.log JVM Vendor:            JetBrains s.r.o.
26-Feb-2023 23:50:29.710 資訊 [main] org.apache.catalina.startup.VersionLoggerListener.log CATALINA_BASE:         /Users/boscoleung/Library/CloudStorage/OneDrive-HKUSTConnect/University/COMP4321/COMP4321-Lab/lab4/apache-tomcat-10.1.6
26-Feb-2023 23:50:29.711 資訊 [main] org.apache.catalina.startup.VersionLoggerListener.log CATALINA_HOME:         /Users/boscoleung/Library/CloudStorage/OneDrive-HKUSTConnect/University/COMP4321/COMP4321-Lab/lab4/apache-tomcat-10.1.6
26-Feb-2023 23:50:30.321 資訊 [main] org.apache.catalina.startup.VersionLoggerListener.log Command line argument: -Djava.util.logging.config.file=/Users/boscoleung/Library/CloudStorage/OneDrive-HKUSTConnect/University/COMP4321/COMP4321-Lab/lab4/apache-tomcat-10.1.6/conf/logging.properties
26-Feb-2023 23:50:30.322 資訊 [main] org.apache.catalina.startup.VersionLoggerListener.log Command line argument: -Djava.util.logging.manager=org.apache.juli.ClassLoaderLogManager
26-Feb-2023 23:50:30.322 資訊 [main] org.apache.catalina.startup.VersionLoggerListener.log Command line argument: -Djdk.tls.ephemeralDHKeySize=2048
26-Feb-2023 23:50:30.322 資訊 [main] org.apache.catalina.startup.VersionLoggerListener.log Command line argument: -Dorg.apache.catalina.security.SecurityListener.UMASK=0027
26-Feb-2023 23:50:30.322 資訊 [main] org.apache.catalina.startup.VersionLoggerListener.log Command line argument: --add-opens=java.base/java.lang=ALL-UNNAMED
26-Feb-2023 23:50:30.322 資訊 [main] org.apache.catalina.startup.VersionLoggerListener.log Command line argument: --add-opens=java.base/java.io=ALL-UNNAMED
26-Feb-2023 23:50:30.322 資訊 [main] org.apache.catalina.startup.VersionLoggerListener.log Command line argument: --add-opens=java.base/java.util=ALL-UNNAMED
26-Feb-2023 23:50:30.322 資訊 [main] org.apache.catalina.startup.VersionLoggerListener.log Command line argument: --add-opens=java.base/java.util.concurrent=ALL-UNNAMED
26-Feb-2023 23:50:30.322 資訊 [main] org.apache.catalina.startup.VersionLoggerListener.log Command line argument: --add-opens=java.rmi/sun.rmi.transport=ALL-UNNAMED
26-Feb-2023 23:50:30.322 資訊 [main] org.apache.catalina.startup.VersionLoggerListener.log Command line argument: -Dcatalina.base=/Users/boscoleung/Library/CloudStorage/OneDrive-HKUSTConnect/University/COMP4321/COMP4321-Lab/lab4/apache-tomcat-10.1.6
26-Feb-2023 23:50:30.322 資訊 [main] org.apache.catalina.startup.VersionLoggerListener.log Command line argument: -Dcatalina.home=/Users/boscoleung/Library/CloudStorage/OneDrive-HKUSTConnect/University/COMP4321/COMP4321-Lab/lab4/apache-tomcat-10.1.6
26-Feb-2023 23:50:30.323 資訊 [main] org.apache.catalina.startup.VersionLoggerListener.log Command line argument: -Djava.io.tmpdir=/Users/boscoleung/Library/CloudStorage/OneDrive-HKUSTConnect/University/COMP4321/COMP4321-Lab/lab4/apache-tomcat-10.1.6/temp
26-Feb-2023 23:50:30.324 資訊 [main] org.apache.catalina.core.AprLifecycleListener.lifecycleEvent The Apache Tomcat Native library which allows using OpenSSL was not found on the java.library.path: [/Users/boscoleung/Library/Java/Extensions:/Library/Java/Extensions:/Network/Library/Java/Extensions:/System/Library/Java/Extensions:/usr/lib/java:.]
26-Feb-2023 23:50:30.465 資訊 [main] org.apache.coyote.AbstractProtocol.init Initializing ProtocolHandler ["http-nio-8080"]
26-Feb-2023 23:50:30.761 資訊 [main] org.apache.catalina.startup.Catalina.load Server initialization in [1171] milliseconds
26-Feb-2023 23:50:30.790 資訊 [main] org.apache.catalina.core.StandardService.startInternal Starting service [Catalina]
26-Feb-2023 23:50:30.790 資訊 [main] org.apache.catalina.core.StandardEngine.startInternal Starting Servlet engine: [Apache Tomcat/10.1.6]
26-Feb-2023 23:50:30.796 資訊 [main] org.apache.catalina.startup.HostConfig.deployDirectory Deploying web application directory [/Users/boscoleung/Library/CloudStorage/OneDrive-HKUSTConnect/University/COMP4321/COMP4321-Lab/lab4/apache-tomcat-10.1.6/webapps/docs]
26-Feb-2023 23:50:31.292 資訊 [main] org.apache.catalina.startup.HostConfig.deployDirectory Deployment of web application directory [/Users/boscoleung/Library/CloudStorage/OneDrive-HKUSTConnect/University/COMP4321/COMP4321-Lab/lab4/apache-tomcat-10.1.6/webapps/docs] has finished in [495] ms
26-Feb-2023 23:50:31.292 資訊 [main] org.apache.catalina.startup.HostConfig.deployDirectory Deploying web application directory [/Users/boscoleung/Library/CloudStorage/OneDrive-HKUSTConnect/University/COMP4321/COMP4321-Lab/lab4/apache-tomcat-10.1.6/webapps/manager]
26-Feb-2023 23:50:31.311 資訊 [main] org.apache.catalina.startup.HostConfig.deployDirectory Deployment of web application directory [/Users/boscoleung/Library/CloudStorage/OneDrive-HKUSTConnect/University/COMP4321/COMP4321-Lab/lab4/apache-tomcat-10.1.6/webapps/manager] has finished in [19] ms
26-Feb-2023 23:50:31.311 資訊 [main] org.apache.catalina.startup.HostConfig.deployDirectory Deploying web application directory [/Users/boscoleung/Library/CloudStorage/OneDrive-HKUSTConnect/University/COMP4321/COMP4321-Lab/lab4/apache-tomcat-10.1.6/webapps/examples]
26-Feb-2023 23:50:31.445 資訊 [main] org.apache.catalina.startup.HostConfig.deployDirectory Deployment of web application directory [/Users/boscoleung/Library/CloudStorage/OneDrive-HKUSTConnect/University/COMP4321/COMP4321-Lab/lab4/apache-tomcat-10.1.6/webapps/examples] has finished in [134] ms
26-Feb-2023 23:50:31.445 資訊 [main] org.apache.catalina.startup.HostConfig.deployDirectory Deploying web application directory [/Users/boscoleung/Library/CloudStorage/OneDrive-HKUSTConnect/University/COMP4321/COMP4321-Lab/lab4/apache-tomcat-10.1.6/webapps/ROOT]
26-Feb-2023 23:50:31.454 資訊 [main] org.apache.catalina.startup.HostConfig.deployDirectory Deployment of web application directory [/Users/boscoleung/Library/CloudStorage/OneDrive-HKUSTConnect/University/COMP4321/COMP4321-Lab/lab4/apache-tomcat-10.1.6/webapps/ROOT] has finished in [9] ms
26-Feb-2023 23:50:31.455 資訊 [main] org.apache.catalina.startup.HostConfig.deployDirectory Deploying web application directory [/Users/boscoleung/Library/CloudStorage/OneDrive-HKUSTConnect/University/COMP4321/COMP4321-Lab/lab4/apache-tomcat-10.1.6/webapps/host-manager]
26-Feb-2023 23:50:31.465 資訊 [main] org.apache.catalina.startup.HostConfig.deployDirectory Deployment of web application directory [/Users/boscoleung/Library/CloudStorage/OneDrive-HKUSTConnect/University/COMP4321/COMP4321-Lab/lab4/apache-tomcat-10.1.6/webapps/host-manager] has finished in [11] ms
26-Feb-2023 23:50:31.468 資訊 [main] org.apache.coyote.AbstractProtocol.start Starting ProtocolHandler ["http-nio-8080"]
26-Feb-2023 23:50:31.475 資訊 [main] org.apache.catalina.startup.Catalina.start Server startup in [713] milliseconds
26-Feb-2023 23:52:01.557 資訊 [Catalina-utility-1] org.apache.catalina.startup.HostConfig.deployDirectory Deploying web application directory [/Users/boscoleung/Library/CloudStorage/OneDrive-HKUSTConnect/University/COMP4321/COMP4321-Lab/lab4/apache-tomcat-10.1.6/webapps/lab4]
26-Feb-2023 23:52:01.581 資訊 [Catalina-utility-1] org.apache.catalina.startup.HostConfig.deployDirectory Deployment of web application directory [/Users/boscoleung/Library/CloudStorage/OneDrive-HKUSTConnect/University/COMP4321/COMP4321-Lab/lab4/apache-tomcat-10.1.6/webapps/lab4] has finished in [24] ms
26-Feb-2023 23:54:29.524 資訊 [main] org.apache.catalina.core.StandardServer.await A valid shutdown command was received via the shutdown port. Stopping the Server instance.
26-Feb-2023 23:54:29.524 資訊 [main] org.apache.coyote.AbstractProtocol.pause Pausing ProtocolHandler ["http-nio-8080"]
26-Feb-2023 23:54:29.526 資訊 [main] org.apache.catalina.core.StandardService.stopInternal Stopping service [Catalina]
26-Feb-2023 23:54:29.541 資訊 [main] org.apache.coyote.AbstractProtocol.stop Stopping ProtocolHandler ["http-nio-8080"]
26-Feb-2023 23:54:29.553 資訊 [main] org.apache.coyote.AbstractProtocol.destroy Destroying ProtocolHandler ["http-nio-8080"]
