24-Apr-2023 00:47:22.706 資訊 [main] org.apache.catalina.core.ApplicationContext.log ContextListener: contextInitialized()
24-Apr-2023 00:47:22.706 資訊 [main] org.apache.catalina.core.ApplicationContext.log SessionListener: contextInitialized()
24-Apr-2023 00:47:22.707 資訊 [main] org.apache.catalina.core.ApplicationContext.log ContextListener: attributeAdded('StockTicker', 'async.Stockticker@67fe380b')
24-Apr-2023 00:47:31.484 嚴重 [http-nio-8080-exec-3] org.apache.catalina.core.StandardWrapperValve.invoke Servlet.service() for servlet [jsp] in context with path [/Project] threw exception [Unable to compile class for JSP: 

An error occurred at line: [14] in the generated java file: [/Users/boscoleung/Library/CloudStorage/OneDrive-HKUSTConnect/University/COMP4321/COMP4321-Project/apache-tomcat-10.1.6/work/Catalina/localhost/Project/org/apache/jsp/project_jsp.java]
The import StopStem cannot be resolved

An error occurred at line: [15] in the generated java file: [/Users/boscoleung/Library/CloudStorage/OneDrive-HKUSTConnect/University/COMP4321/COMP4321-Project/apache-tomcat-10.1.6/work/Catalina/localhost/Project/org/apache/jsp/project_jsp.java]
The import SearchEngine cannot be resolved

An error occurred at line: [16] in the generated java file: [/Users/boscoleung/Library/CloudStorage/OneDrive-HKUSTConnect/University/COMP4321/COMP4321-Project/apache-tomcat-10.1.6/work/Catalina/localhost/Project/org/apache/jsp/project_jsp.java]
The import PageMeta cannot be resolved

An error occurred at line: [17] in the generated java file: [/Users/boscoleung/Library/CloudStorage/OneDrive-HKUSTConnect/University/COMP4321/COMP4321-Project/apache-tomcat-10.1.6/work/Catalina/localhost/Project/org/apache/jsp/project_jsp.java]
The import URLIndex cannot be resolved

An error occurred at line: [18] in the generated java file: [/Users/boscoleung/Library/CloudStorage/OneDrive-HKUSTConnect/University/COMP4321/COMP4321-Project/apache-tomcat-10.1.6/work/Catalina/localhost/Project/org/apache/jsp/project_jsp.java]
The import WordIndex cannot be resolved

An error occurred at line: [20] in the generated java file: [/Users/boscoleung/Library/CloudStorage/OneDrive-HKUSTConnect/University/COMP4321/COMP4321-Project/apache-tomcat-10.1.6/work/Catalina/localhost/Project/org/apache/jsp/project_jsp.java]
The type IRUtilities.NewString is not visible

Stacktrace:] with root cause
	org.apache.jasper.JasperException: Unable to compile class for JSP: 

An error occurred at line: [14] in the generated java file: [/Users/boscoleung/Library/CloudStorage/OneDrive-HKUSTConnect/University/COMP4321/COMP4321-Project/apache-tomcat-10.1.6/work/Catalina/localhost/Project/org/apache/jsp/project_jsp.java]
The import StopStem cannot be resolved

An error occurred at line: [15] in the generated java file: [/Users/boscoleung/Library/CloudStorage/OneDrive-HKUSTConnect/University/COMP4321/COMP4321-Project/apache-tomcat-10.1.6/work/Catalina/localhost/Project/org/apache/jsp/project_jsp.java]
The import SearchEngine cannot be resolved

An error occurred at line: [16] in the generated java file: [/Users/boscoleung/Library/CloudStorage/OneDrive-HKUSTConnect/University/COMP4321/COMP4321-Project/apache-tomcat-10.1.6/work/Catalina/localhost/Project/org/apache/jsp/project_jsp.java]
The import PageMeta cannot be resolved

An error occurred at line: [17] in the generated java file: [/Users/boscoleung/Library/CloudStorage/OneDrive-HKUSTConnect/University/COMP4321/COMP4321-Project/apache-tomcat-10.1.6/work/Catalina/localhost/Project/org/apache/jsp/project_jsp.java]
The import URLIndex cannot be resolved

An error occurred at line: [18] in the generated java file: [/Users/boscoleung/Library/CloudStorage/OneDrive-HKUSTConnect/University/COMP4321/COMP4321-Project/apache-tomcat-10.1.6/work/Catalina/localhost/Project/org/apache/jsp/project_jsp.java]
The import WordIndex cannot be resolved

An error occurred at line: [20] in the generated java file: [/Users/boscoleung/Library/CloudStorage/OneDrive-HKUSTConnect/University/COMP4321/COMP4321-Project/apache-tomcat-10.1.6/work/Catalina/localhost/Project/org/apache/jsp/project_jsp.java]
The type IRUtilities.NewString is not visible

Stacktrace:
		at org.apache.jasper.compiler.DefaultErrorHandler.javacError(DefaultErrorHandler.java:102)
		at org.apache.jasper.compiler.ErrorDispatcher.javacError(ErrorDispatcher.java:213)
		at org.apache.jasper.compiler.JDTCompiler.generateClass(JDTCompiler.java:513)
		at org.apache.jasper.compiler.Compiler.compile(Compiler.java:402)
		at org.apache.jasper.compiler.Compiler.compile(Compiler.java:372)
		at org.apache.jasper.compiler.Compiler.compile(Compiler.java:356)
		at org.apache.jasper.JspCompilationContext.compile(JspCompilationContext.java:603)
		at org.apache.jasper.servlet.JspServletWrapper.service(JspServletWrapper.java:396)
		at org.apache.jasper.servlet.JspServlet.serviceJspFile(JspServlet.java:380)
		at org.apache.jasper.servlet.JspServlet.service(JspServlet.java:328)
		at jakarta.servlet.http.HttpServlet.service(HttpServlet.java:631)
		at org.apache.catalina.core.ApplicationFilterChain.internalDoFilter(ApplicationFilterChain.java:205)
		at org.apache.catalina.core.ApplicationFilterChain.doFilter(ApplicationFilterChain.java:149)
		at org.apache.tomcat.websocket.server.WsFilter.doFilter(WsFilter.java:53)
		at org.apache.catalina.core.ApplicationFilterChain.internalDoFilter(ApplicationFilterChain.java:174)
		at org.apache.catalina.core.ApplicationFilterChain.doFilter(ApplicationFilterChain.java:149)
		at org.apache.catalina.core.StandardWrapperValve.invoke(StandardWrapperValve.java:166)
		at org.apache.catalina.core.StandardContextValve.invoke(StandardContextValve.java:90)
		at org.apache.catalina.authenticator.AuthenticatorBase.invoke(AuthenticatorBase.java:493)
		at org.apache.catalina.core.StandardHostValve.invoke(StandardHostValve.java:115)
		at org.apache.catalina.valves.ErrorReportValve.invoke(ErrorReportValve.java:93)
		at org.apache.catalina.valves.AbstractAccessLogValve.invoke(AbstractAccessLogValve.java:676)
		at org.apache.catalina.core.StandardEngineValve.invoke(StandardEngineValve.java:74)
		at org.apache.catalina.connector.CoyoteAdapter.service(CoyoteAdapter.java:357)
		at org.apache.coyote.http11.Http11Processor.service(Http11Processor.java:400)
		at org.apache.coyote.AbstractProcessorLight.process(AbstractProcessorLight.java:63)
		at org.apache.coyote.AbstractProtocol$ConnectionHandler.process(AbstractProtocol.java:894)
		at org.apache.tomcat.util.net.NioEndpoint$SocketProcessor.doRun(NioEndpoint.java:1741)
		at org.apache.tomcat.util.net.SocketProcessorBase.run(SocketProcessorBase.java:52)
		at org.apache.tomcat.util.threads.ThreadPoolExecutor.runWorker(ThreadPoolExecutor.java:1191)
		at org.apache.tomcat.util.threads.ThreadPoolExecutor$Worker.run(ThreadPoolExecutor.java:659)
		at org.apache.tomcat.util.threads.TaskThread$WrappingRunnable.run(TaskThread.java:61)
		at java.base/java.lang.Thread.run(Thread.java:829)
24-Apr-2023 00:48:37.570 嚴重 [http-nio-8080-exec-5] org.apache.catalina.core.StandardWrapperValve.invoke Servlet.service() for servlet [jsp] in context with path [/Project] threw exception [Unable to compile class for JSP: 

An error occurred at line: [14] in the generated java file: [/Users/boscoleung/Library/CloudStorage/OneDrive-HKUSTConnect/University/COMP4321/COMP4321-Project/apache-tomcat-10.1.6/work/Catalina/localhost/Project/org/apache/jsp/project_jsp.java]
The import StopStem cannot be resolved

An error occurred at line: [15] in the generated java file: [/Users/boscoleung/Library/CloudStorage/OneDrive-HKUSTConnect/University/COMP4321/COMP4321-Project/apache-tomcat-10.1.6/work/Catalina/localhost/Project/org/apache/jsp/project_jsp.java]
The import SearchEngine cannot be resolved

An error occurred at line: [16] in the generated java file: [/Users/boscoleung/Library/CloudStorage/OneDrive-HKUSTConnect/University/COMP4321/COMP4321-Project/apache-tomcat-10.1.6/work/Catalina/localhost/Project/org/apache/jsp/project_jsp.java]
The import PageMeta cannot be resolved

An error occurred at line: [17] in the generated java file: [/Users/boscoleung/Library/CloudStorage/OneDrive-HKUSTConnect/University/COMP4321/COMP4321-Project/apache-tomcat-10.1.6/work/Catalina/localhost/Project/org/apache/jsp/project_jsp.java]
The import URLIndex cannot be resolved

An error occurred at line: [18] in the generated java file: [/Users/boscoleung/Library/CloudStorage/OneDrive-HKUSTConnect/University/COMP4321/COMP4321-Project/apache-tomcat-10.1.6/work/Catalina/localhost/Project/org/apache/jsp/project_jsp.java]
The import WordIndex cannot be resolved

Stacktrace:] with root cause
	org.apache.jasper.JasperException: Unable to compile class for JSP: 

An error occurred at line: [14] in the generated java file: [/Users/boscoleung/Library/CloudStorage/OneDrive-HKUSTConnect/University/COMP4321/COMP4321-Project/apache-tomcat-10.1.6/work/Catalina/localhost/Project/org/apache/jsp/project_jsp.java]
The import StopStem cannot be resolved

An error occurred at line: [15] in the generated java file: [/Users/boscoleung/Library/CloudStorage/OneDrive-HKUSTConnect/University/COMP4321/COMP4321-Project/apache-tomcat-10.1.6/work/Catalina/localhost/Project/org/apache/jsp/project_jsp.java]
The import SearchEngine cannot be resolved

An error occurred at line: [16] in the generated java file: [/Users/boscoleung/Library/CloudStorage/OneDrive-HKUSTConnect/University/COMP4321/COMP4321-Project/apache-tomcat-10.1.6/work/Catalina/localhost/Project/org/apache/jsp/project_jsp.java]
The import PageMeta cannot be resolved

An error occurred at line: [17] in the generated java file: [/Users/boscoleung/Library/CloudStorage/OneDrive-HKUSTConnect/University/COMP4321/COMP4321-Project/apache-tomcat-10.1.6/work/Catalina/localhost/Project/org/apache/jsp/project_jsp.java]
The import URLIndex cannot be resolved

An error occurred at line: [18] in the generated java file: [/Users/boscoleung/Library/CloudStorage/OneDrive-HKUSTConnect/University/COMP4321/COMP4321-Project/apache-tomcat-10.1.6/work/Catalina/localhost/Project/org/apache/jsp/project_jsp.java]
The import WordIndex cannot be resolved

Stacktrace:
		at org.apache.jasper.compiler.DefaultErrorHandler.javacError(DefaultErrorHandler.java:102)
		at org.apache.jasper.compiler.ErrorDispatcher.javacError(ErrorDispatcher.java:213)
		at org.apache.jasper.compiler.JDTCompiler.generateClass(JDTCompiler.java:513)
		at org.apache.jasper.compiler.Compiler.compile(Compiler.java:402)
		at org.apache.jasper.compiler.Compiler.compile(Compiler.java:372)
		at org.apache.jasper.compiler.Compiler.compile(Compiler.java:356)
		at org.apache.jasper.JspCompilationContext.compile(JspCompilationContext.java:603)
		at org.apache.jasper.servlet.JspServletWrapper.service(JspServletWrapper.java:396)
		at org.apache.jasper.servlet.JspServlet.serviceJspFile(JspServlet.java:380)
		at org.apache.jasper.servlet.JspServlet.service(JspServlet.java:328)
		at jakarta.servlet.http.HttpServlet.service(HttpServlet.java:631)
		at org.apache.catalina.core.ApplicationFilterChain.internalDoFilter(ApplicationFilterChain.java:205)
		at org.apache.catalina.core.ApplicationFilterChain.doFilter(ApplicationFilterChain.java:149)
		at org.apache.tomcat.websocket.server.WsFilter.doFilter(WsFilter.java:53)
		at org.apache.catalina.core.ApplicationFilterChain.internalDoFilter(ApplicationFilterChain.java:174)
		at org.apache.catalina.core.ApplicationFilterChain.doFilter(ApplicationFilterChain.java:149)
		at org.apache.catalina.core.StandardWrapperValve.invoke(StandardWrapperValve.java:166)
		at org.apache.catalina.core.StandardContextValve.invoke(StandardContextValve.java:90)
		at org.apache.catalina.authenticator.AuthenticatorBase.invoke(AuthenticatorBase.java:493)
		at org.apache.catalina.core.StandardHostValve.invoke(StandardHostValve.java:115)
		at org.apache.catalina.valves.ErrorReportValve.invoke(ErrorReportValve.java:93)
		at org.apache.catalina.valves.AbstractAccessLogValve.invoke(AbstractAccessLogValve.java:676)
		at org.apache.catalina.core.StandardEngineValve.invoke(StandardEngineValve.java:74)
		at org.apache.catalina.connector.CoyoteAdapter.service(CoyoteAdapter.java:357)
		at org.apache.coyote.http11.Http11Processor.service(Http11Processor.java:400)
		at org.apache.coyote.AbstractProcessorLight.process(AbstractProcessorLight.java:63)
		at org.apache.coyote.AbstractProtocol$ConnectionHandler.process(AbstractProtocol.java:894)
		at org.apache.tomcat.util.net.NioEndpoint$SocketProcessor.doRun(NioEndpoint.java:1741)
		at org.apache.tomcat.util.net.SocketProcessorBase.run(SocketProcessorBase.java:52)
		at org.apache.tomcat.util.threads.ThreadPoolExecutor.runWorker(ThreadPoolExecutor.java:1191)
		at org.apache.tomcat.util.threads.ThreadPoolExecutor$Worker.run(ThreadPoolExecutor.java:659)
		at org.apache.tomcat.util.threads.TaskThread$WrappingRunnable.run(TaskThread.java:61)
		at java.base/java.lang.Thread.run(Thread.java:829)
24-Apr-2023 00:49:06.693 嚴重 [http-nio-8080-exec-7] org.apache.catalina.core.StandardWrapperValve.invoke Servlet.service() for servlet [jsp] in context with path [/Project] threw exception [Unable to compile class for JSP: 

An error occurred at line: [14] in the generated java file: [/Users/boscoleung/Library/CloudStorage/OneDrive-HKUSTConnect/University/COMP4321/COMP4321-Project/apache-tomcat-10.1.6/work/Catalina/localhost/Project/org/apache/jsp/project_jsp.java]
The import StopStem cannot be resolved

An error occurred at line: [15] in the generated java file: [/Users/boscoleung/Library/CloudStorage/OneDrive-HKUSTConnect/University/COMP4321/COMP4321-Project/apache-tomcat-10.1.6/work/Catalina/localhost/Project/org/apache/jsp/project_jsp.java]
The import SearchEngine cannot be resolved

An error occurred at line: [16] in the generated java file: [/Users/boscoleung/Library/CloudStorage/OneDrive-HKUSTConnect/University/COMP4321/COMP4321-Project/apache-tomcat-10.1.6/work/Catalina/localhost/Project/org/apache/jsp/project_jsp.java]
The import PageMeta cannot be resolved

An error occurred at line: [17] in the generated java file: [/Users/boscoleung/Library/CloudStorage/OneDrive-HKUSTConnect/University/COMP4321/COMP4321-Project/apache-tomcat-10.1.6/work/Catalina/localhost/Project/org/apache/jsp/project_jsp.java]
The import URLIndex cannot be resolved

An error occurred at line: [18] in the generated java file: [/Users/boscoleung/Library/CloudStorage/OneDrive-HKUSTConnect/University/COMP4321/COMP4321-Project/apache-tomcat-10.1.6/work/Catalina/localhost/Project/org/apache/jsp/project_jsp.java]
The import WordIndex cannot be resolved

Stacktrace:] with root cause
	org.apache.jasper.JasperException: Unable to compile class for JSP: 

An error occurred at line: [14] in the generated java file: [/Users/boscoleung/Library/CloudStorage/OneDrive-HKUSTConnect/University/COMP4321/COMP4321-Project/apache-tomcat-10.1.6/work/Catalina/localhost/Project/org/apache/jsp/project_jsp.java]
The import StopStem cannot be resolved

An error occurred at line: [15] in the generated java file: [/Users/boscoleung/Library/CloudStorage/OneDrive-HKUSTConnect/University/COMP4321/COMP4321-Project/apache-tomcat-10.1.6/work/Catalina/localhost/Project/org/apache/jsp/project_jsp.java]
The import SearchEngine cannot be resolved

An error occurred at line: [16] in the generated java file: [/Users/boscoleung/Library/CloudStorage/OneDrive-HKUSTConnect/University/COMP4321/COMP4321-Project/apache-tomcat-10.1.6/work/Catalina/localhost/Project/org/apache/jsp/project_jsp.java]
The import PageMeta cannot be resolved

An error occurred at line: [17] in the generated java file: [/Users/boscoleung/Library/CloudStorage/OneDrive-HKUSTConnect/University/COMP4321/COMP4321-Project/apache-tomcat-10.1.6/work/Catalina/localhost/Project/org/apache/jsp/project_jsp.java]
The import URLIndex cannot be resolved

An error occurred at line: [18] in the generated java file: [/Users/boscoleung/Library/CloudStorage/OneDrive-HKUSTConnect/University/COMP4321/COMP4321-Project/apache-tomcat-10.1.6/work/Catalina/localhost/Project/org/apache/jsp/project_jsp.java]
The import WordIndex cannot be resolved

Stacktrace:
		at org.apache.jasper.compiler.DefaultErrorHandler.javacError(DefaultErrorHandler.java:102)
		at org.apache.jasper.compiler.ErrorDispatcher.javacError(ErrorDispatcher.java:213)
		at org.apache.jasper.compiler.JDTCompiler.generateClass(JDTCompiler.java:513)
		at org.apache.jasper.compiler.Compiler.compile(Compiler.java:402)
		at org.apache.jasper.compiler.Compiler.compile(Compiler.java:372)
		at org.apache.jasper.compiler.Compiler.compile(Compiler.java:356)
		at org.apache.jasper.JspCompilationContext.compile(JspCompilationContext.java:603)
		at org.apache.jasper.servlet.JspServletWrapper.service(JspServletWrapper.java:396)
		at org.apache.jasper.servlet.JspServlet.serviceJspFile(JspServlet.java:380)
		at org.apache.jasper.servlet.JspServlet.service(JspServlet.java:328)
		at jakarta.servlet.http.HttpServlet.service(HttpServlet.java:631)
		at org.apache.catalina.core.ApplicationFilterChain.internalDoFilter(ApplicationFilterChain.java:205)
		at org.apache.catalina.core.ApplicationFilterChain.doFilter(ApplicationFilterChain.java:149)
		at org.apache.tomcat.websocket.server.WsFilter.doFilter(WsFilter.java:53)
		at org.apache.catalina.core.ApplicationFilterChain.internalDoFilter(ApplicationFilterChain.java:174)
		at org.apache.catalina.core.ApplicationFilterChain.doFilter(ApplicationFilterChain.java:149)
		at org.apache.catalina.core.StandardWrapperValve.invoke(StandardWrapperValve.java:166)
		at org.apache.catalina.core.StandardContextValve.invoke(StandardContextValve.java:90)
		at org.apache.catalina.authenticator.AuthenticatorBase.invoke(AuthenticatorBase.java:493)
		at org.apache.catalina.core.StandardHostValve.invoke(StandardHostValve.java:115)
		at org.apache.catalina.valves.ErrorReportValve.invoke(ErrorReportValve.java:93)
		at org.apache.catalina.valves.AbstractAccessLogValve.invoke(AbstractAccessLogValve.java:676)
		at org.apache.catalina.core.StandardEngineValve.invoke(StandardEngineValve.java:74)
		at org.apache.catalina.connector.CoyoteAdapter.service(CoyoteAdapter.java:357)
		at org.apache.coyote.http11.Http11Processor.service(Http11Processor.java:400)
		at org.apache.coyote.AbstractProcessorLight.process(AbstractProcessorLight.java:63)
		at org.apache.coyote.AbstractProtocol$ConnectionHandler.process(AbstractProtocol.java:894)
		at org.apache.tomcat.util.net.NioEndpoint$SocketProcessor.doRun(NioEndpoint.java:1741)
		at org.apache.tomcat.util.net.SocketProcessorBase.run(SocketProcessorBase.java:52)
		at org.apache.tomcat.util.threads.ThreadPoolExecutor.runWorker(ThreadPoolExecutor.java:1191)
		at org.apache.tomcat.util.threads.ThreadPoolExecutor$Worker.run(ThreadPoolExecutor.java:659)
		at org.apache.tomcat.util.threads.TaskThread$WrappingRunnable.run(TaskThread.java:61)
		at java.base/java.lang.Thread.run(Thread.java:829)
24-Apr-2023 00:49:12.631 嚴重 [http-nio-8080-exec-8] org.apache.catalina.core.StandardWrapperValve.invoke Servlet.service() for servlet [jsp] in context with path [/Project] threw exception [Unable to compile class for JSP: 

An error occurred at line: [14] in the generated java file: [/Users/boscoleung/Library/CloudStorage/OneDrive-HKUSTConnect/University/COMP4321/COMP4321-Project/apache-tomcat-10.1.6/work/Catalina/localhost/Project/org/apache/jsp/project_jsp.java]
The import StopStem cannot be resolved

An error occurred at line: [15] in the generated java file: [/Users/boscoleung/Library/CloudStorage/OneDrive-HKUSTConnect/University/COMP4321/COMP4321-Project/apache-tomcat-10.1.6/work/Catalina/localhost/Project/org/apache/jsp/project_jsp.java]
The import SearchEngine cannot be resolved

An error occurred at line: [16] in the generated java file: [/Users/boscoleung/Library/CloudStorage/OneDrive-HKUSTConnect/University/COMP4321/COMP4321-Project/apache-tomcat-10.1.6/work/Catalina/localhost/Project/org/apache/jsp/project_jsp.java]
The import PageMeta cannot be resolved

An error occurred at line: [17] in the generated java file: [/Users/boscoleung/Library/CloudStorage/OneDrive-HKUSTConnect/University/COMP4321/COMP4321-Project/apache-tomcat-10.1.6/work/Catalina/localhost/Project/org/apache/jsp/project_jsp.java]
The import URLIndex cannot be resolved

An error occurred at line: [18] in the generated java file: [/Users/boscoleung/Library/CloudStorage/OneDrive-HKUSTConnect/University/COMP4321/COMP4321-Project/apache-tomcat-10.1.6/work/Catalina/localhost/Project/org/apache/jsp/project_jsp.java]
The import WordIndex cannot be resolved

Stacktrace:] with root cause
	org.apache.jasper.JasperException: Unable to compile class for JSP: 

An error occurred at line: [14] in the generated java file: [/Users/boscoleung/Library/CloudStorage/OneDrive-HKUSTConnect/University/COMP4321/COMP4321-Project/apache-tomcat-10.1.6/work/Catalina/localhost/Project/org/apache/jsp/project_jsp.java]
The import StopStem cannot be resolved

An error occurred at line: [15] in the generated java file: [/Users/boscoleung/Library/CloudStorage/OneDrive-HKUSTConnect/University/COMP4321/COMP4321-Project/apache-tomcat-10.1.6/work/Catalina/localhost/Project/org/apache/jsp/project_jsp.java]
The import SearchEngine cannot be resolved

An error occurred at line: [16] in the generated java file: [/Users/boscoleung/Library/CloudStorage/OneDrive-HKUSTConnect/University/COMP4321/COMP4321-Project/apache-tomcat-10.1.6/work/Catalina/localhost/Project/org/apache/jsp/project_jsp.java]
The import PageMeta cannot be resolved

An error occurred at line: [17] in the generated java file: [/Users/boscoleung/Library/CloudStorage/OneDrive-HKUSTConnect/University/COMP4321/COMP4321-Project/apache-tomcat-10.1.6/work/Catalina/localhost/Project/org/apache/jsp/project_jsp.java]
The import URLIndex cannot be resolved

An error occurred at line: [18] in the generated java file: [/Users/boscoleung/Library/CloudStorage/OneDrive-HKUSTConnect/University/COMP4321/COMP4321-Project/apache-tomcat-10.1.6/work/Catalina/localhost/Project/org/apache/jsp/project_jsp.java]
The import WordIndex cannot be resolved

Stacktrace:
		at org.apache.jasper.compiler.DefaultErrorHandler.javacError(DefaultErrorHandler.java:102)
		at org.apache.jasper.compiler.ErrorDispatcher.javacError(ErrorDispatcher.java:213)
		at org.apache.jasper.compiler.JDTCompiler.generateClass(JDTCompiler.java:513)
		at org.apache.jasper.compiler.Compiler.compile(Compiler.java:402)
		at org.apache.jasper.compiler.Compiler.compile(Compiler.java:372)
		at org.apache.jasper.compiler.Compiler.compile(Compiler.java:356)
		at org.apache.jasper.JspCompilationContext.compile(JspCompilationContext.java:603)
		at org.apache.jasper.servlet.JspServletWrapper.service(JspServletWrapper.java:396)
		at org.apache.jasper.servlet.JspServlet.serviceJspFile(JspServlet.java:380)
		at org.apache.jasper.servlet.JspServlet.service(JspServlet.java:328)
		at jakarta.servlet.http.HttpServlet.service(HttpServlet.java:631)
		at org.apache.catalina.core.ApplicationFilterChain.internalDoFilter(ApplicationFilterChain.java:205)
		at org.apache.catalina.core.ApplicationFilterChain.doFilter(ApplicationFilterChain.java:149)
		at org.apache.tomcat.websocket.server.WsFilter.doFilter(WsFilter.java:53)
		at org.apache.catalina.core.ApplicationFilterChain.internalDoFilter(ApplicationFilterChain.java:174)
		at org.apache.catalina.core.ApplicationFilterChain.doFilter(ApplicationFilterChain.java:149)
		at org.apache.catalina.core.StandardWrapperValve.invoke(StandardWrapperValve.java:166)
		at org.apache.catalina.core.StandardContextValve.invoke(StandardContextValve.java:90)
		at org.apache.catalina.authenticator.AuthenticatorBase.invoke(AuthenticatorBase.java:493)
		at org.apache.catalina.core.StandardHostValve.invoke(StandardHostValve.java:115)
		at org.apache.catalina.valves.ErrorReportValve.invoke(ErrorReportValve.java:93)
		at org.apache.catalina.valves.AbstractAccessLogValve.invoke(AbstractAccessLogValve.java:676)
		at org.apache.catalina.core.StandardEngineValve.invoke(StandardEngineValve.java:74)
		at org.apache.catalina.connector.CoyoteAdapter.service(CoyoteAdapter.java:357)
		at org.apache.coyote.http11.Http11Processor.service(Http11Processor.java:400)
		at org.apache.coyote.AbstractProcessorLight.process(AbstractProcessorLight.java:63)
		at org.apache.coyote.AbstractProtocol$ConnectionHandler.process(AbstractProtocol.java:894)
		at org.apache.tomcat.util.net.NioEndpoint$SocketProcessor.doRun(NioEndpoint.java:1741)
		at org.apache.tomcat.util.net.SocketProcessorBase.run(SocketProcessorBase.java:52)
		at org.apache.tomcat.util.threads.ThreadPoolExecutor.runWorker(ThreadPoolExecutor.java:1191)
		at org.apache.tomcat.util.threads.ThreadPoolExecutor$Worker.run(ThreadPoolExecutor.java:659)
		at org.apache.tomcat.util.threads.TaskThread$WrappingRunnable.run(TaskThread.java:61)
		at java.base/java.lang.Thread.run(Thread.java:829)
24-Apr-2023 00:51:40.548 嚴重 [http-nio-8080-exec-10] org.apache.catalina.core.StandardWrapperValve.invoke Servlet.service() for servlet [jsp] in context with path [/Project] threw exception [Unable to compile class for JSP: 

An error occurred at line: [14] in the generated java file: [/Users/boscoleung/Library/CloudStorage/OneDrive-HKUSTConnect/University/COMP4321/COMP4321-Project/apache-tomcat-10.1.6/work/Catalina/localhost/Project/org/apache/jsp/project_jsp.java]
The import StopStem cannot be resolved

An error occurred at line: [15] in the generated java file: [/Users/boscoleung/Library/CloudStorage/OneDrive-HKUSTConnect/University/COMP4321/COMP4321-Project/apache-tomcat-10.1.6/work/Catalina/localhost/Project/org/apache/jsp/project_jsp.java]
The import SearchEngine cannot be resolved

An error occurred at line: [16] in the generated java file: [/Users/boscoleung/Library/CloudStorage/OneDrive-HKUSTConnect/University/COMP4321/COMP4321-Project/apache-tomcat-10.1.6/work/Catalina/localhost/Project/org/apache/jsp/project_jsp.java]
The import PageMeta cannot be resolved

An error occurred at line: [17] in the generated java file: [/Users/boscoleung/Library/CloudStorage/OneDrive-HKUSTConnect/University/COMP4321/COMP4321-Project/apache-tomcat-10.1.6/work/Catalina/localhost/Project/org/apache/jsp/project_jsp.java]
The import URLIndex cannot be resolved

An error occurred at line: [18] in the generated java file: [/Users/boscoleung/Library/CloudStorage/OneDrive-HKUSTConnect/University/COMP4321/COMP4321-Project/apache-tomcat-10.1.6/work/Catalina/localhost/Project/org/apache/jsp/project_jsp.java]
Only a type can be imported. classes.WordIndex resolves to a package

Stacktrace:] with root cause
	org.apache.jasper.JasperException: Unable to compile class for JSP: 

An error occurred at line: [14] in the generated java file: [/Users/boscoleung/Library/CloudStorage/OneDrive-HKUSTConnect/University/COMP4321/COMP4321-Project/apache-tomcat-10.1.6/work/Catalina/localhost/Project/org/apache/jsp/project_jsp.java]
The import StopStem cannot be resolved

An error occurred at line: [15] in the generated java file: [/Users/boscoleung/Library/CloudStorage/OneDrive-HKUSTConnect/University/COMP4321/COMP4321-Project/apache-tomcat-10.1.6/work/Catalina/localhost/Project/org/apache/jsp/project_jsp.java]
The import SearchEngine cannot be resolved

An error occurred at line: [16] in the generated java file: [/Users/boscoleung/Library/CloudStorage/OneDrive-HKUSTConnect/University/COMP4321/COMP4321-Project/apache-tomcat-10.1.6/work/Catalina/localhost/Project/org/apache/jsp/project_jsp.java]
The import PageMeta cannot be resolved

An error occurred at line: [17] in the generated java file: [/Users/boscoleung/Library/CloudStorage/OneDrive-HKUSTConnect/University/COMP4321/COMP4321-Project/apache-tomcat-10.1.6/work/Catalina/localhost/Project/org/apache/jsp/project_jsp.java]
The import URLIndex cannot be resolved

An error occurred at line: [18] in the generated java file: [/Users/boscoleung/Library/CloudStorage/OneDrive-HKUSTConnect/University/COMP4321/COMP4321-Project/apache-tomcat-10.1.6/work/Catalina/localhost/Project/org/apache/jsp/project_jsp.java]
Only a type can be imported. classes.WordIndex resolves to a package

Stacktrace:
		at org.apache.jasper.compiler.DefaultErrorHandler.javacError(DefaultErrorHandler.java:102)
		at org.apache.jasper.compiler.ErrorDispatcher.javacError(ErrorDispatcher.java:213)
		at org.apache.jasper.compiler.JDTCompiler.generateClass(JDTCompiler.java:513)
		at org.apache.jasper.compiler.Compiler.compile(Compiler.java:402)
		at org.apache.jasper.compiler.Compiler.compile(Compiler.java:372)
		at org.apache.jasper.compiler.Compiler.compile(Compiler.java:356)
		at org.apache.jasper.JspCompilationContext.compile(JspCompilationContext.java:603)
		at org.apache.jasper.servlet.JspServletWrapper.service(JspServletWrapper.java:396)
		at org.apache.jasper.servlet.JspServlet.serviceJspFile(JspServlet.java:380)
		at org.apache.jasper.servlet.JspServlet.service(JspServlet.java:328)
		at jakarta.servlet.http.HttpServlet.service(HttpServlet.java:631)
		at org.apache.catalina.core.ApplicationFilterChain.internalDoFilter(ApplicationFilterChain.java:205)
		at org.apache.catalina.core.ApplicationFilterChain.doFilter(ApplicationFilterChain.java:149)
		at org.apache.tomcat.websocket.server.WsFilter.doFilter(WsFilter.java:53)
		at org.apache.catalina.core.ApplicationFilterChain.internalDoFilter(ApplicationFilterChain.java:174)
		at org.apache.catalina.core.ApplicationFilterChain.doFilter(ApplicationFilterChain.java:149)
		at org.apache.catalina.core.StandardWrapperValve.invoke(StandardWrapperValve.java:166)
		at org.apache.catalina.core.StandardContextValve.invoke(StandardContextValve.java:90)
		at org.apache.catalina.authenticator.AuthenticatorBase.invoke(AuthenticatorBase.java:493)
		at org.apache.catalina.core.StandardHostValve.invoke(StandardHostValve.java:115)
		at org.apache.catalina.valves.ErrorReportValve.invoke(ErrorReportValve.java:93)
		at org.apache.catalina.valves.AbstractAccessLogValve.invoke(AbstractAccessLogValve.java:676)
		at org.apache.catalina.core.StandardEngineValve.invoke(StandardEngineValve.java:74)
		at org.apache.catalina.connector.CoyoteAdapter.service(CoyoteAdapter.java:357)
		at org.apache.coyote.http11.Http11Processor.service(Http11Processor.java:400)
		at org.apache.coyote.AbstractProcessorLight.process(AbstractProcessorLight.java:63)
		at org.apache.coyote.AbstractProtocol$ConnectionHandler.process(AbstractProtocol.java:894)
		at org.apache.tomcat.util.net.NioEndpoint$SocketProcessor.doRun(NioEndpoint.java:1741)
		at org.apache.tomcat.util.net.SocketProcessorBase.run(SocketProcessorBase.java:52)
		at org.apache.tomcat.util.threads.ThreadPoolExecutor.runWorker(ThreadPoolExecutor.java:1191)
		at org.apache.tomcat.util.threads.ThreadPoolExecutor$Worker.run(ThreadPoolExecutor.java:659)
		at org.apache.tomcat.util.threads.TaskThread$WrappingRunnable.run(TaskThread.java:61)
		at java.base/java.lang.Thread.run(Thread.java:829)
24-Apr-2023 00:54:13.822 嚴重 [http-nio-8080-exec-2] org.apache.catalina.core.StandardWrapperValve.invoke Servlet.service() for servlet [jsp] in context with path [/Project] threw exception [Unable to compile class for JSP: 

An error occurred at line: [14] in the generated java file: [/Users/boscoleung/Library/CloudStorage/OneDrive-HKUSTConnect/University/COMP4321/COMP4321-Project/apache-tomcat-10.1.6/work/Catalina/localhost/Project/org/apache/jsp/project_jsp.java]
Only a type can be imported. com.example.StopStem resolves to a package

An error occurred at line: [15] in the generated java file: [/Users/boscoleung/Library/CloudStorage/OneDrive-HKUSTConnect/University/COMP4321/COMP4321-Project/apache-tomcat-10.1.6/work/Catalina/localhost/Project/org/apache/jsp/project_jsp.java]
Only a type can be imported. com.example.SearchEngine resolves to a package

An error occurred at line: [16] in the generated java file: [/Users/boscoleung/Library/CloudStorage/OneDrive-HKUSTConnect/University/COMP4321/COMP4321-Project/apache-tomcat-10.1.6/work/Catalina/localhost/Project/org/apache/jsp/project_jsp.java]
Only a type can be imported. com.example.PageMeta resolves to a package

An error occurred at line: [17] in the generated java file: [/Users/boscoleung/Library/CloudStorage/OneDrive-HKUSTConnect/University/COMP4321/COMP4321-Project/apache-tomcat-10.1.6/work/Catalina/localhost/Project/org/apache/jsp/project_jsp.java]
Only a type can be imported. com.example.URLIndex resolves to a package

An error occurred at line: [18] in the generated java file: [/Users/boscoleung/Library/CloudStorage/OneDrive-HKUSTConnect/University/COMP4321/COMP4321-Project/apache-tomcat-10.1.6/work/Catalina/localhost/Project/org/apache/jsp/project_jsp.java]
Only a type can be imported. com.example.WordIndex resolves to a package

Stacktrace:] with root cause
	org.apache.jasper.JasperException: Unable to compile class for JSP: 

An error occurred at line: [14] in the generated java file: [/Users/boscoleung/Library/CloudStorage/OneDrive-HKUSTConnect/University/COMP4321/COMP4321-Project/apache-tomcat-10.1.6/work/Catalina/localhost/Project/org/apache/jsp/project_jsp.java]
Only a type can be imported. com.example.StopStem resolves to a package

An error occurred at line: [15] in the generated java file: [/Users/boscoleung/Library/CloudStorage/OneDrive-HKUSTConnect/University/COMP4321/COMP4321-Project/apache-tomcat-10.1.6/work/Catalina/localhost/Project/org/apache/jsp/project_jsp.java]
Only a type can be imported. com.example.SearchEngine resolves to a package

An error occurred at line: [16] in the generated java file: [/Users/boscoleung/Library/CloudStorage/OneDrive-HKUSTConnect/University/COMP4321/COMP4321-Project/apache-tomcat-10.1.6/work/Catalina/localhost/Project/org/apache/jsp/project_jsp.java]
Only a type can be imported. com.example.PageMeta resolves to a package

An error occurred at line: [17] in the generated java file: [/Users/boscoleung/Library/CloudStorage/OneDrive-HKUSTConnect/University/COMP4321/COMP4321-Project/apache-tomcat-10.1.6/work/Catalina/localhost/Project/org/apache/jsp/project_jsp.java]
Only a type can be imported. com.example.URLIndex resolves to a package

An error occurred at line: [18] in the generated java file: [/Users/boscoleung/Library/CloudStorage/OneDrive-HKUSTConnect/University/COMP4321/COMP4321-Project/apache-tomcat-10.1.6/work/Catalina/localhost/Project/org/apache/jsp/project_jsp.java]
Only a type can be imported. com.example.WordIndex resolves to a package

Stacktrace:
		at org.apache.jasper.compiler.DefaultErrorHandler.javacError(DefaultErrorHandler.java:102)
		at org.apache.jasper.compiler.ErrorDispatcher.javacError(ErrorDispatcher.java:213)
		at org.apache.jasper.compiler.JDTCompiler.generateClass(JDTCompiler.java:513)
		at org.apache.jasper.compiler.Compiler.compile(Compiler.java:402)
		at org.apache.jasper.compiler.Compiler.compile(Compiler.java:372)
		at org.apache.jasper.compiler.Compiler.compile(Compiler.java:356)
		at org.apache.jasper.JspCompilationContext.compile(JspCompilationContext.java:603)
		at org.apache.jasper.servlet.JspServletWrapper.service(JspServletWrapper.java:396)
		at org.apache.jasper.servlet.JspServlet.serviceJspFile(JspServlet.java:380)
		at org.apache.jasper.servlet.JspServlet.service(JspServlet.java:328)
		at jakarta.servlet.http.HttpServlet.service(HttpServlet.java:631)
		at org.apache.catalina.core.ApplicationFilterChain.internalDoFilter(ApplicationFilterChain.java:205)
		at org.apache.catalina.core.ApplicationFilterChain.doFilter(ApplicationFilterChain.java:149)
		at org.apache.tomcat.websocket.server.WsFilter.doFilter(WsFilter.java:53)
		at org.apache.catalina.core.ApplicationFilterChain.internalDoFilter(ApplicationFilterChain.java:174)
		at org.apache.catalina.core.ApplicationFilterChain.doFilter(ApplicationFilterChain.java:149)
		at org.apache.catalina.core.StandardWrapperValve.invoke(StandardWrapperValve.java:166)
		at org.apache.catalina.core.StandardContextValve.invoke(StandardContextValve.java:90)
		at org.apache.catalina.authenticator.AuthenticatorBase.invoke(AuthenticatorBase.java:493)
		at org.apache.catalina.core.StandardHostValve.invoke(StandardHostValve.java:115)
		at org.apache.catalina.valves.ErrorReportValve.invoke(ErrorReportValve.java:93)
		at org.apache.catalina.valves.AbstractAccessLogValve.invoke(AbstractAccessLogValve.java:676)
		at org.apache.catalina.core.StandardEngineValve.invoke(StandardEngineValve.java:74)
		at org.apache.catalina.connector.CoyoteAdapter.service(CoyoteAdapter.java:357)
		at org.apache.coyote.http11.Http11Processor.service(Http11Processor.java:400)
		at org.apache.coyote.AbstractProcessorLight.process(AbstractProcessorLight.java:63)
		at org.apache.coyote.AbstractProtocol$ConnectionHandler.process(AbstractProtocol.java:894)
		at org.apache.tomcat.util.net.NioEndpoint$SocketProcessor.doRun(NioEndpoint.java:1741)
		at org.apache.tomcat.util.net.SocketProcessorBase.run(SocketProcessorBase.java:52)
		at org.apache.tomcat.util.threads.ThreadPoolExecutor.runWorker(ThreadPoolExecutor.java:1191)
		at org.apache.tomcat.util.threads.ThreadPoolExecutor$Worker.run(ThreadPoolExecutor.java:659)
		at org.apache.tomcat.util.threads.TaskThread$WrappingRunnable.run(TaskThread.java:61)
		at java.base/java.lang.Thread.run(Thread.java:829)
24-Apr-2023 00:54:17.102 嚴重 [http-nio-8080-exec-3] org.apache.catalina.core.StandardWrapperValve.invoke Servlet.service() for servlet [jsp] in context with path [/Project] threw exception [org.apache.jasper.JasperException: java.lang.ClassNotFoundException: org.apache.jsp.project_jsp] with root cause
	java.lang.ClassNotFoundException: org.apache.jsp.project_jsp
		at java.base/java.net.URLClassLoader.findClass(URLClassLoader.java:476)
		at org.apache.jasper.servlet.JasperLoader.loadClass(JasperLoader.java:129)
		at org.apache.jasper.servlet.JasperLoader.loadClass(JasperLoader.java:58)
		at org.apache.catalina.core.DefaultInstanceManager.newInstance(DefaultInstanceManager.java:150)
		at org.apache.jasper.servlet.JspServletWrapper.getServlet(JspServletWrapper.java:189)
		at org.apache.jasper.servlet.JspServletWrapper.service(JspServletWrapper.java:410)
		at org.apache.jasper.servlet.JspServlet.serviceJspFile(JspServlet.java:380)
		at org.apache.jasper.servlet.JspServlet.service(JspServlet.java:328)
		at jakarta.servlet.http.HttpServlet.service(HttpServlet.java:631)
		at org.apache.catalina.core.ApplicationFilterChain.internalDoFilter(ApplicationFilterChain.java:205)
		at org.apache.catalina.core.ApplicationFilterChain.doFilter(ApplicationFilterChain.java:149)
		at org.apache.tomcat.websocket.server.WsFilter.doFilter(WsFilter.java:53)
		at org.apache.catalina.core.ApplicationFilterChain.internalDoFilter(ApplicationFilterChain.java:174)
		at org.apache.catalina.core.ApplicationFilterChain.doFilter(ApplicationFilterChain.java:149)
		at org.apache.catalina.core.StandardWrapperValve.invoke(StandardWrapperValve.java:166)
		at org.apache.catalina.core.StandardContextValve.invoke(StandardContextValve.java:90)
		at org.apache.catalina.authenticator.AuthenticatorBase.invoke(AuthenticatorBase.java:493)
		at org.apache.catalina.core.StandardHostValve.invoke(StandardHostValve.java:115)
		at org.apache.catalina.valves.ErrorReportValve.invoke(ErrorReportValve.java:93)
		at org.apache.catalina.valves.AbstractAccessLogValve.invoke(AbstractAccessLogValve.java:676)
		at org.apache.catalina.core.StandardEngineValve.invoke(StandardEngineValve.java:74)
		at org.apache.catalina.connector.CoyoteAdapter.service(CoyoteAdapter.java:357)
		at org.apache.coyote.http11.Http11Processor.service(Http11Processor.java:400)
		at org.apache.coyote.AbstractProcessorLight.process(AbstractProcessorLight.java:63)
		at org.apache.coyote.AbstractProtocol$ConnectionHandler.process(AbstractProtocol.java:894)
		at org.apache.tomcat.util.net.NioEndpoint$SocketProcessor.doRun(NioEndpoint.java:1741)
		at org.apache.tomcat.util.net.SocketProcessorBase.run(SocketProcessorBase.java:52)
		at org.apache.tomcat.util.threads.ThreadPoolExecutor.runWorker(ThreadPoolExecutor.java:1191)
		at org.apache.tomcat.util.threads.ThreadPoolExecutor$Worker.run(ThreadPoolExecutor.java:659)
		at org.apache.tomcat.util.threads.TaskThread$WrappingRunnable.run(TaskThread.java:61)
		at java.base/java.lang.Thread.run(Thread.java:829)
24-Apr-2023 00:56:01.820 嚴重 [http-nio-8080-exec-5] org.apache.catalina.core.StandardWrapperValve.invoke Servlet.service() for servlet [jsp] in context with path [/Project] threw exception [Unable to compile class for JSP: 

An error occurred at line: [14] in the generated java file: [/Users/boscoleung/Library/CloudStorage/OneDrive-HKUSTConnect/University/COMP4321/COMP4321-Project/apache-tomcat-10.1.6/work/Catalina/localhost/Project/org/apache/jsp/project_jsp.java]
Only a type can be imported. com.example.StopStem resolves to a package

An error occurred at line: [15] in the generated java file: [/Users/boscoleung/Library/CloudStorage/OneDrive-HKUSTConnect/University/COMP4321/COMP4321-Project/apache-tomcat-10.1.6/work/Catalina/localhost/Project/org/apache/jsp/project_jsp.java]
Only a type can be imported. com.example.SearchEngine resolves to a package

An error occurred at line: [16] in the generated java file: [/Users/boscoleung/Library/CloudStorage/OneDrive-HKUSTConnect/University/COMP4321/COMP4321-Project/apache-tomcat-10.1.6/work/Catalina/localhost/Project/org/apache/jsp/project_jsp.java]
Only a type can be imported. com.example.PageMeta resolves to a package

An error occurred at line: [17] in the generated java file: [/Users/boscoleung/Library/CloudStorage/OneDrive-HKUSTConnect/University/COMP4321/COMP4321-Project/apache-tomcat-10.1.6/work/Catalina/localhost/Project/org/apache/jsp/project_jsp.java]
Only a type can be imported. com.example.URLIndex resolves to a package

An error occurred at line: [18] in the generated java file: [/Users/boscoleung/Library/CloudStorage/OneDrive-HKUSTConnect/University/COMP4321/COMP4321-Project/apache-tomcat-10.1.6/work/Catalina/localhost/Project/org/apache/jsp/project_jsp.java]
Only a type can be imported. com.example.WordIndex resolves to a package

Stacktrace:] with root cause
	org.apache.jasper.JasperException: Unable to compile class for JSP: 

An error occurred at line: [14] in the generated java file: [/Users/boscoleung/Library/CloudStorage/OneDrive-HKUSTConnect/University/COMP4321/COMP4321-Project/apache-tomcat-10.1.6/work/Catalina/localhost/Project/org/apache/jsp/project_jsp.java]
Only a type can be imported. com.example.StopStem resolves to a package

An error occurred at line: [15] in the generated java file: [/Users/boscoleung/Library/CloudStorage/OneDrive-HKUSTConnect/University/COMP4321/COMP4321-Project/apache-tomcat-10.1.6/work/Catalina/localhost/Project/org/apache/jsp/project_jsp.java]
Only a type can be imported. com.example.SearchEngine resolves to a package

An error occurred at line: [16] in the generated java file: [/Users/boscoleung/Library/CloudStorage/OneDrive-HKUSTConnect/University/COMP4321/COMP4321-Project/apache-tomcat-10.1.6/work/Catalina/localhost/Project/org/apache/jsp/project_jsp.java]
Only a type can be imported. com.example.PageMeta resolves to a package

An error occurred at line: [17] in the generated java file: [/Users/boscoleung/Library/CloudStorage/OneDrive-HKUSTConnect/University/COMP4321/COMP4321-Project/apache-tomcat-10.1.6/work/Catalina/localhost/Project/org/apache/jsp/project_jsp.java]
Only a type can be imported. com.example.URLIndex resolves to a package

An error occurred at line: [18] in the generated java file: [/Users/boscoleung/Library/CloudStorage/OneDrive-HKUSTConnect/University/COMP4321/COMP4321-Project/apache-tomcat-10.1.6/work/Catalina/localhost/Project/org/apache/jsp/project_jsp.java]
Only a type can be imported. com.example.WordIndex resolves to a package

Stacktrace:
		at org.apache.jasper.compiler.DefaultErrorHandler.javacError(DefaultErrorHandler.java:102)
		at org.apache.jasper.compiler.ErrorDispatcher.javacError(ErrorDispatcher.java:213)
		at org.apache.jasper.compiler.JDTCompiler.generateClass(JDTCompiler.java:513)
		at org.apache.jasper.compiler.Compiler.compile(Compiler.java:402)
		at org.apache.jasper.compiler.Compiler.compile(Compiler.java:372)
		at org.apache.jasper.compiler.Compiler.compile(Compiler.java:356)
		at org.apache.jasper.JspCompilationContext.compile(JspCompilationContext.java:603)
		at org.apache.jasper.servlet.JspServletWrapper.service(JspServletWrapper.java:396)
		at org.apache.jasper.servlet.JspServlet.serviceJspFile(JspServlet.java:380)
		at org.apache.jasper.servlet.JspServlet.service(JspServlet.java:328)
		at jakarta.servlet.http.HttpServlet.service(HttpServlet.java:631)
		at org.apache.catalina.core.ApplicationFilterChain.internalDoFilter(ApplicationFilterChain.java:205)
		at org.apache.catalina.core.ApplicationFilterChain.doFilter(ApplicationFilterChain.java:149)
		at org.apache.tomcat.websocket.server.WsFilter.doFilter(WsFilter.java:53)
		at org.apache.catalina.core.ApplicationFilterChain.internalDoFilter(ApplicationFilterChain.java:174)
		at org.apache.catalina.core.ApplicationFilterChain.doFilter(ApplicationFilterChain.java:149)
		at org.apache.catalina.core.StandardWrapperValve.invoke(StandardWrapperValve.java:166)
		at org.apache.catalina.core.StandardContextValve.invoke(StandardContextValve.java:90)
		at org.apache.catalina.authenticator.AuthenticatorBase.invoke(AuthenticatorBase.java:493)
		at org.apache.catalina.core.StandardHostValve.invoke(StandardHostValve.java:115)
		at org.apache.catalina.valves.ErrorReportValve.invoke(ErrorReportValve.java:93)
		at org.apache.catalina.valves.AbstractAccessLogValve.invoke(AbstractAccessLogValve.java:676)
		at org.apache.catalina.core.StandardEngineValve.invoke(StandardEngineValve.java:74)
		at org.apache.catalina.connector.CoyoteAdapter.service(CoyoteAdapter.java:357)
		at org.apache.coyote.http11.Http11Processor.service(Http11Processor.java:400)
		at org.apache.coyote.AbstractProcessorLight.process(AbstractProcessorLight.java:63)
		at org.apache.coyote.AbstractProtocol$ConnectionHandler.process(AbstractProtocol.java:894)
		at org.apache.tomcat.util.net.NioEndpoint$SocketProcessor.doRun(NioEndpoint.java:1741)
		at org.apache.tomcat.util.net.SocketProcessorBase.run(SocketProcessorBase.java:52)
		at org.apache.tomcat.util.threads.ThreadPoolExecutor.runWorker(ThreadPoolExecutor.java:1191)
		at org.apache.tomcat.util.threads.ThreadPoolExecutor$Worker.run(ThreadPoolExecutor.java:659)
		at org.apache.tomcat.util.threads.TaskThread$WrappingRunnable.run(TaskThread.java:61)
		at java.base/java.lang.Thread.run(Thread.java:829)
24-Apr-2023 00:59:52.356 資訊 [main] org.apache.catalina.core.ApplicationContext.log SessionListener: contextDestroyed()
24-Apr-2023 00:59:52.356 資訊 [main] org.apache.catalina.core.ApplicationContext.log ContextListener: contextDestroyed()
