01-May-2023 21:43:32.743 資訊 [main] org.apache.catalina.core.ApplicationContext.log ContextListener: contextInitialized()
01-May-2023 21:43:32.743 資訊 [main] org.apache.catalina.core.ApplicationContext.log SessionListener: contextInitialized()
01-May-2023 21:43:32.744 資訊 [main] org.apache.catalina.core.ApplicationContext.log ContextListener: attributeAdded('StockTicker', 'async.Stockticker@290d10ef')
01-May-2023 21:43:37.007 資訊 [main] org.apache.catalina.core.ApplicationContext.log SessionListener: contextDestroyed()
01-May-2023 21:43:37.007 資訊 [main] org.apache.catalina.core.ApplicationContext.log ContextListener: contextDestroyed()
01-May-2023 21:49:19.787 資訊 [main] org.apache.catalina.core.ApplicationContext.log ContextListener: contextInitialized()
01-May-2023 21:49:19.787 資訊 [main] org.apache.catalina.core.ApplicationContext.log SessionListener: contextInitialized()
01-May-2023 21:49:19.788 資訊 [main] org.apache.catalina.core.ApplicationContext.log ContextListener: attributeAdded('StockTicker', 'async.Stockticker@a62c7cd')
01-May-2023 21:52:56.598 資訊 [main] org.apache.catalina.core.ApplicationContext.log SessionListener: contextDestroyed()
01-May-2023 21:52:56.598 資訊 [main] org.apache.catalina.core.ApplicationContext.log ContextListener: contextDestroyed()
01-May-2023 21:53:56.473 資訊 [main] org.apache.catalina.core.ApplicationContext.log ContextListener: contextInitialized()
01-May-2023 21:53:56.473 資訊 [main] org.apache.catalina.core.ApplicationContext.log SessionListener: contextInitialized()
01-May-2023 21:53:56.474 資訊 [main] org.apache.catalina.core.ApplicationContext.log ContextListener: attributeAdded('StockTicker', 'async.Stockticker@290d10ef')
01-May-2023 22:00:57.436 資訊 [main] org.apache.catalina.core.ApplicationContext.log SessionListener: contextDestroyed()
01-May-2023 22:00:57.436 資訊 [main] org.apache.catalina.core.ApplicationContext.log ContextListener: contextDestroyed()
01-May-2023 22:03:18.119 資訊 [main] org.apache.catalina.core.ApplicationContext.log ContextListener: contextInitialized()
01-May-2023 22:03:18.119 資訊 [main] org.apache.catalina.core.ApplicationContext.log SessionListener: contextInitialized()
01-May-2023 22:03:18.120 資訊 [main] org.apache.catalina.core.ApplicationContext.log ContextListener: attributeAdded('StockTicker', 'async.Stockticker@36a6bea6')
01-May-2023 22:13:38.036 資訊 [main] org.apache.catalina.core.ApplicationContext.log SessionListener: contextDestroyed()
01-May-2023 22:13:38.037 資訊 [main] org.apache.catalina.core.ApplicationContext.log ContextListener: contextDestroyed()
